/!\ FAILSAFE /!\  Wed Jun 09 21:03:40 +0200 2010
  Status: 500 Internal Server Error
  Can't connect to local MySQL server through socket '/opt/local/var/run/mysql5/mysqld.sock' (2)
    /Library/Ruby/Gems/1.8/gems/activerecord-2.3.4/lib/active_record/connection_adapters/mysql_adapter.rb:585:in `real_connect'
    /Library/Ruby/Gems/1.8/gems/activerecord-2.3.4/lib/active_record/connection_adapters/mysql_adapter.rb:585:in `connect'
    /Library/Ruby/Gems/1.8/gems/activerecord-2.3.4/lib/active_record/connection_adapters/mysql_adapter.rb:199:in `initialize'
    /Library/Ruby/Gems/1.8/gems/activerecord-2.3.4/lib/active_record/connection_adapters/mysql_adapter.rb:71:in `new'
    /Library/Ruby/Gems/1.8/gems/activerecord-2.3.4/lib/active_record/connection_adapters/mysql_adapter.rb:71:in `mysql_connection'
    /Library/Ruby/Gems/1.8/gems/activerecord-2.3.4/lib/active_record/connection_adapters/abstract/connection_pool.rb:223:in `send'
    /Library/Ruby/Gems/1.8/gems/activerecord-2.3.4/lib/active_record/connection_adapters/abstract/connection_pool.rb:223:in `new_connection'
    /Library/Ruby/Gems/1.8/gems/activerecord-2.3.4/lib/active_record/connection_adapters/abstract/connection_pool.rb:245:in `checkout_new_connection'
    /Library/Ruby/Gems/1.8/gems/activerecord-2.3.4/lib/active_record/connection_adapters/abstract/connection_pool.rb:188:in `checkout'
    /Library/Ruby/Gems/1.8/gems/activerecord-2.3.4/lib/active_record/connection_adapters/abstract/connection_pool.rb:184:in `loop'
    /Library/Ruby/Gems/1.8/gems/activerecord-2.3.4/lib/active_record/connection_adapters/abstract/connection_pool.rb:184:in `checkout'
    /System/Library/Frameworks/Ruby.framework/Versions/1.8/usr/lib/ruby/1.8/monitor.rb:242:in `synchronize'
    /Library/Ruby/Gems/1.8/gems/activerecord-2.3.4/lib/active_record/connection_adapters/abstract/connection_pool.rb:183:in `checkout'
    /Library/Ruby/Gems/1.8/gems/activerecord-2.3.4/lib/active_record/connection_adapters/abstract/connection_pool.rb:98:in `connection'
    /Library/Ruby/Gems/1.8/gems/activerecord-2.3.4/lib/active_record/connection_adapters/abstract/connection_pool.rb:326:in `retrieve_connection'
    /Library/Ruby/Gems/1.8/gems/activerecord-2.3.4/lib/active_record/connection_adapters/abstract/connection_specification.rb:123:in `retrieve_connection'
    /Library/Ruby/Gems/1.8/gems/activerecord-2.3.4/lib/active_record/connection_adapters/abstract/connection_specification.rb:115:in `connection'
    /Library/Ruby/Gems/1.8/gems/activerecord-2.3.4/lib/active_record/query_cache.rb:9:in `cache'
    /Library/Ruby/Gems/1.8/gems/activerecord-2.3.4/lib/active_record/query_cache.rb:28:in `call'
    /Library/Ruby/Gems/1.8/gems/activerecord-2.3.4/lib/active_record/connection_adapters/abstract/connection_pool.rb:361:in `call'
    /Library/Ruby/Gems/1.8/gems/rack-1.0.0/lib/rack/head.rb:9:in `call'
    /Library/Ruby/Gems/1.8/gems/rack-1.0.0/lib/rack/methodoverride.rb:24:in `call'
    /Library/Ruby/Gems/1.8/gems/actionpack-2.3.4/lib/action_controller/params_parser.rb:15:in `call'
    /Library/Ruby/Gems/1.8/gems/actionpack-2.3.4/lib/action_controller/session/cookie_store.rb:93:in `call'
    /Library/Ruby/Gems/1.8/gems/actionpack-2.3.4/lib/action_controller/failsafe.rb:26:in `call'
    /Library/Ruby/Gems/1.8/gems/rack-1.0.0/lib/rack/lock.rb:11:in `call'
    /Library/Ruby/Gems/1.8/gems/rack-1.0.0/lib/rack/lock.rb:11:in `synchronize'
    /Library/Ruby/Gems/1.8/gems/rack-1.0.0/lib/rack/lock.rb:11:in `call'
    /Library/Ruby/Gems/1.8/gems/actionpack-2.3.4/lib/action_controller/dispatcher.rb:114:in `call'
    /Library/Ruby/Gems/1.8/gems/actionpack-2.3.4/lib/action_controller/reloader.rb:34:in `run'
    /Library/Ruby/Gems/1.8/gems/actionpack-2.3.4/lib/action_controller/dispatcher.rb:108:in `call'
    /Library/Ruby/Gems/1.8/gems/rails-2.3.4/lib/rails/rack/static.rb:31:in `call'
    /Library/Ruby/Gems/1.8/gems/rack-1.0.0/lib/rack/urlmap.rb:46:in `call'
    /Library/Ruby/Gems/1.8/gems/rack-1.0.0/lib/rack/urlmap.rb:40:in `each'
    /Library/Ruby/Gems/1.8/gems/rack-1.0.0/lib/rack/urlmap.rb:40:in `call'
    /Library/Ruby/Gems/1.8/gems/rails-2.3.4/lib/rails/rack/log_tailer.rb:17:in `call'
    /Library/Ruby/Gems/1.8/gems/rack-1.0.0/lib/rack/content_length.rb:13:in `call'
    /Library/Ruby/Gems/1.8/gems/rack-1.0.0/lib/rack/chunked.rb:15:in `call'
    /Library/Ruby/Gems/1.8/gems/rack-1.0.0/lib/rack/handler/mongrel.rb:61:in `process'
    /System/Library/Frameworks/Ruby.framework/Versions/1.8/usr/lib/ruby/gems/1.8/gems/mongrel-1.1.4/lib/mongrel.rb:159:in `process_client'
    /System/Library/Frameworks/Ruby.framework/Versions/1.8/usr/lib/ruby/gems/1.8/gems/mongrel-1.1.4/lib/mongrel.rb:158:in `each'
    /System/Library/Frameworks/Ruby.framework/Versions/1.8/usr/lib/ruby/gems/1.8/gems/mongrel-1.1.4/lib/mongrel.rb:158:in `process_client'
    /System/Library/Frameworks/Ruby.framework/Versions/1.8/usr/lib/ruby/gems/1.8/gems/mongrel-1.1.4/lib/mongrel.rb:285:in `run'
    /System/Library/Frameworks/Ruby.framework/Versions/1.8/usr/lib/ruby/gems/1.8/gems/mongrel-1.1.4/lib/mongrel.rb:285:in `initialize'
    /System/Library/Frameworks/Ruby.framework/Versions/1.8/usr/lib/ruby/gems/1.8/gems/mongrel-1.1.4/lib/mongrel.rb:285:in `new'
    /System/Library/Frameworks/Ruby.framework/Versions/1.8/usr/lib/ruby/gems/1.8/gems/mongrel-1.1.4/lib/mongrel.rb:285:in `run'
    /System/Library/Frameworks/Ruby.framework/Versions/1.8/usr/lib/ruby/gems/1.8/gems/mongrel-1.1.4/lib/mongrel.rb:268:in `initialize'
    /System/Library/Frameworks/Ruby.framework/Versions/1.8/usr/lib/ruby/gems/1.8/gems/mongrel-1.1.4/lib/mongrel.rb:268:in `new'
    /System/Library/Frameworks/Ruby.framework/Versions/1.8/usr/lib/ruby/gems/1.8/gems/mongrel-1.1.4/lib/mongrel.rb:268:in `run'
    /Library/Ruby/Gems/1.8/gems/rack-1.0.0/lib/rack/handler/mongrel.rb:34:in `run'
    /Library/Ruby/Gems/1.8/gems/rails-2.3.4/lib/commands/server.rb:111
    /Library/Ruby/Site/1.8/rubygems/custom_require.rb:31:in `gem_original_require'
    /Library/Ruby/Site/1.8/rubygems/custom_require.rb:31:in `require'
    ./script/server:3
/!\ FAILSAFE /!\  Wed Jun 09 21:06:08 +0200 2010
  Status: 500 Internal Server Error
  Access denied for user 'root'@'localhost' (using password: YES)
    /Library/Ruby/Gems/1.8/gems/activerecord-2.3.4/lib/active_record/connection_adapters/mysql_adapter.rb:585:in `real_connect'
    /Library/Ruby/Gems/1.8/gems/activerecord-2.3.4/lib/active_record/connection_adapters/mysql_adapter.rb:585:in `connect'
    /Library/Ruby/Gems/1.8/gems/activerecord-2.3.4/lib/active_record/connection_adapters/mysql_adapter.rb:199:in `initialize'
    /Library/Ruby/Gems/1.8/gems/activerecord-2.3.4/lib/active_record/connection_adapters/mysql_adapter.rb:71:in `new'
    /Library/Ruby/Gems/1.8/gems/activerecord-2.3.4/lib/active_record/connection_adapters/mysql_adapter.rb:71:in `mysql_connection'
    /Library/Ruby/Gems/1.8/gems/activerecord-2.3.4/lib/active_record/connection_adapters/abstract/connection_pool.rb:223:in `send'
    /Library/Ruby/Gems/1.8/gems/activerecord-2.3.4/lib/active_record/connection_adapters/abstract/connection_pool.rb:223:in `new_connection'
    /Library/Ruby/Gems/1.8/gems/activerecord-2.3.4/lib/active_record/connection_adapters/abstract/connection_pool.rb:245:in `checkout_new_connection'
    /Library/Ruby/Gems/1.8/gems/activerecord-2.3.4/lib/active_record/connection_adapters/abstract/connection_pool.rb:188:in `checkout'
    /Library/Ruby/Gems/1.8/gems/activerecord-2.3.4/lib/active_record/connection_adapters/abstract/connection_pool.rb:184:in `loop'
    /Library/Ruby/Gems/1.8/gems/activerecord-2.3.4/lib/active_record/connection_adapters/abstract/connection_pool.rb:184:in `checkout'
    /System/Library/Frameworks/Ruby.framework/Versions/1.8/usr/lib/ruby/1.8/monitor.rb:242:in `synchronize'
    /Library/Ruby/Gems/1.8/gems/activerecord-2.3.4/lib/active_record/connection_adapters/abstract/connection_pool.rb:183:in `checkout'
    /Library/Ruby/Gems/1.8/gems/activerecord-2.3.4/lib/active_record/connection_adapters/abstract/connection_pool.rb:98:in `connection'
    /Library/Ruby/Gems/1.8/gems/activerecord-2.3.4/lib/active_record/connection_adapters/abstract/connection_pool.rb:326:in `retrieve_connection'
    /Library/Ruby/Gems/1.8/gems/activerecord-2.3.4/lib/active_record/connection_adapters/abstract/connection_specification.rb:123:in `retrieve_connection'
    /Library/Ruby/Gems/1.8/gems/activerecord-2.3.4/lib/active_record/connection_adapters/abstract/connection_specification.rb:115:in `connection'
    /Library/Ruby/Gems/1.8/gems/activerecord-2.3.4/lib/active_record/query_cache.rb:9:in `cache'
    /Library/Ruby/Gems/1.8/gems/activerecord-2.3.4/lib/active_record/query_cache.rb:28:in `call'
    /Library/Ruby/Gems/1.8/gems/activerecord-2.3.4/lib/active_record/connection_adapters/abstract/connection_pool.rb:361:in `call'
    /Library/Ruby/Gems/1.8/gems/rack-1.0.0/lib/rack/head.rb:9:in `call'
    /Library/Ruby/Gems/1.8/gems/rack-1.0.0/lib/rack/methodoverride.rb:24:in `call'
    /Library/Ruby/Gems/1.8/gems/actionpack-2.3.4/lib/action_controller/params_parser.rb:15:in `call'
    /Library/Ruby/Gems/1.8/gems/actionpack-2.3.4/lib/action_controller/session/cookie_store.rb:93:in `call'
    /Library/Ruby/Gems/1.8/gems/actionpack-2.3.4/lib/action_controller/failsafe.rb:26:in `call'
    /Library/Ruby/Gems/1.8/gems/rack-1.0.0/lib/rack/lock.rb:11:in `call'
    /Library/Ruby/Gems/1.8/gems/rack-1.0.0/lib/rack/lock.rb:11:in `synchronize'
    /Library/Ruby/Gems/1.8/gems/rack-1.0.0/lib/rack/lock.rb:11:in `call'
    /Library/Ruby/Gems/1.8/gems/actionpack-2.3.4/lib/action_controller/dispatcher.rb:114:in `call'
    /Library/Ruby/Gems/1.8/gems/actionpack-2.3.4/lib/action_controller/reloader.rb:34:in `run'
    /Library/Ruby/Gems/1.8/gems/actionpack-2.3.4/lib/action_controller/dispatcher.rb:108:in `call'
    /Library/Ruby/Gems/1.8/gems/rails-2.3.4/lib/rails/rack/static.rb:31:in `call'
    /Library/Ruby/Gems/1.8/gems/rack-1.0.0/lib/rack/urlmap.rb:46:in `call'
    /Library/Ruby/Gems/1.8/gems/rack-1.0.0/lib/rack/urlmap.rb:40:in `each'
    /Library/Ruby/Gems/1.8/gems/rack-1.0.0/lib/rack/urlmap.rb:40:in `call'
    /Library/Ruby/Gems/1.8/gems/rails-2.3.4/lib/rails/rack/log_tailer.rb:17:in `call'
    /Library/Ruby/Gems/1.8/gems/rack-1.0.0/lib/rack/content_length.rb:13:in `call'
    /Library/Ruby/Gems/1.8/gems/rack-1.0.0/lib/rack/chunked.rb:15:in `call'
    /Library/Ruby/Gems/1.8/gems/rack-1.0.0/lib/rack/handler/mongrel.rb:61:in `process'
    /System/Library/Frameworks/Ruby.framework/Versions/1.8/usr/lib/ruby/gems/1.8/gems/mongrel-1.1.4/lib/mongrel.rb:159:in `process_client'
    /System/Library/Frameworks/Ruby.framework/Versions/1.8/usr/lib/ruby/gems/1.8/gems/mongrel-1.1.4/lib/mongrel.rb:158:in `each'
    /System/Library/Frameworks/Ruby.framework/Versions/1.8/usr/lib/ruby/gems/1.8/gems/mongrel-1.1.4/lib/mongrel.rb:158:in `process_client'
    /System/Library/Frameworks/Ruby.framework/Versions/1.8/usr/lib/ruby/gems/1.8/gems/mongrel-1.1.4/lib/mongrel.rb:285:in `run'
    /System/Library/Frameworks/Ruby.framework/Versions/1.8/usr/lib/ruby/gems/1.8/gems/mongrel-1.1.4/lib/mongrel.rb:285:in `initialize'
    /System/Library/Frameworks/Ruby.framework/Versions/1.8/usr/lib/ruby/gems/1.8/gems/mongrel-1.1.4/lib/mongrel.rb:285:in `new'
    /System/Library/Frameworks/Ruby.framework/Versions/1.8/usr/lib/ruby/gems/1.8/gems/mongrel-1.1.4/lib/mongrel.rb:285:in `run'
    /System/Library/Frameworks/Ruby.framework/Versions/1.8/usr/lib/ruby/gems/1.8/gems/mongrel-1.1.4/lib/mongrel.rb:268:in `initialize'
    /System/Library/Frameworks/Ruby.framework/Versions/1.8/usr/lib/ruby/gems/1.8/gems/mongrel-1.1.4/lib/mongrel.rb:268:in `new'
    /System/Library/Frameworks/Ruby.framework/Versions/1.8/usr/lib/ruby/gems/1.8/gems/mongrel-1.1.4/lib/mongrel.rb:268:in `run'
    /Library/Ruby/Gems/1.8/gems/rack-1.0.0/lib/rack/handler/mongrel.rb:34:in `run'
    /Library/Ruby/Gems/1.8/gems/rails-2.3.4/lib/commands/server.rb:111
    /Library/Ruby/Site/1.8/rubygems/custom_require.rb:31:in `gem_original_require'
    /Library/Ruby/Site/1.8/rubygems/custom_require.rb:31:in `require'
    ./script/server:3
/!\ FAILSAFE /!\  Wed Jun 09 21:06:47 +0200 2010
  Status: 500 Internal Server Error
  Unknown database 'tedx_development'
    /Library/Ruby/Gems/1.8/gems/activerecord-2.3.4/lib/active_record/connection_adapters/mysql_adapter.rb:585:in `real_connect'
    /Library/Ruby/Gems/1.8/gems/activerecord-2.3.4/lib/active_record/connection_adapters/mysql_adapter.rb:585:in `connect'
    /Library/Ruby/Gems/1.8/gems/activerecord-2.3.4/lib/active_record/connection_adapters/mysql_adapter.rb:199:in `initialize'
    /Library/Ruby/Gems/1.8/gems/activerecord-2.3.4/lib/active_record/connection_adapters/mysql_adapter.rb:71:in `new'
    /Library/Ruby/Gems/1.8/gems/activerecord-2.3.4/lib/active_record/connection_adapters/mysql_adapter.rb:71:in `mysql_connection'
    /Library/Ruby/Gems/1.8/gems/activerecord-2.3.4/lib/active_record/connection_adapters/abstract/connection_pool.rb:223:in `send'
    /Library/Ruby/Gems/1.8/gems/activerecord-2.3.4/lib/active_record/connection_adapters/abstract/connection_pool.rb:223:in `new_connection'
    /Library/Ruby/Gems/1.8/gems/activerecord-2.3.4/lib/active_record/connection_adapters/abstract/connection_pool.rb:245:in `checkout_new_connection'
    /Library/Ruby/Gems/1.8/gems/activerecord-2.3.4/lib/active_record/connection_adapters/abstract/connection_pool.rb:188:in `checkout'
    /Library/Ruby/Gems/1.8/gems/activerecord-2.3.4/lib/active_record/connection_adapters/abstract/connection_pool.rb:184:in `loop'
    /Library/Ruby/Gems/1.8/gems/activerecord-2.3.4/lib/active_record/connection_adapters/abstract/connection_pool.rb:184:in `checkout'
    /System/Library/Frameworks/Ruby.framework/Versions/1.8/usr/lib/ruby/1.8/monitor.rb:242:in `synchronize'
    /Library/Ruby/Gems/1.8/gems/activerecord-2.3.4/lib/active_record/connection_adapters/abstract/connection_pool.rb:183:in `checkout'
    /Library/Ruby/Gems/1.8/gems/activerecord-2.3.4/lib/active_record/connection_adapters/abstract/connection_pool.rb:98:in `connection'
    /Library/Ruby/Gems/1.8/gems/activerecord-2.3.4/lib/active_record/connection_adapters/abstract/connection_pool.rb:326:in `retrieve_connection'
    /Library/Ruby/Gems/1.8/gems/activerecord-2.3.4/lib/active_record/connection_adapters/abstract/connection_specification.rb:123:in `retrieve_connection'
    /Library/Ruby/Gems/1.8/gems/activerecord-2.3.4/lib/active_record/connection_adapters/abstract/connection_specification.rb:115:in `connection'
    /Library/Ruby/Gems/1.8/gems/activerecord-2.3.4/lib/active_record/query_cache.rb:9:in `cache'
    /Library/Ruby/Gems/1.8/gems/activerecord-2.3.4/lib/active_record/query_cache.rb:28:in `call'
    /Library/Ruby/Gems/1.8/gems/activerecord-2.3.4/lib/active_record/connection_adapters/abstract/connection_pool.rb:361:in `call'
    /Library/Ruby/Gems/1.8/gems/rack-1.0.0/lib/rack/head.rb:9:in `call'
    /Library/Ruby/Gems/1.8/gems/rack-1.0.0/lib/rack/methodoverride.rb:24:in `call'
    /Library/Ruby/Gems/1.8/gems/actionpack-2.3.4/lib/action_controller/params_parser.rb:15:in `call'
    /Library/Ruby/Gems/1.8/gems/actionpack-2.3.4/lib/action_controller/session/cookie_store.rb:93:in `call'
    /Library/Ruby/Gems/1.8/gems/actionpack-2.3.4/lib/action_controller/failsafe.rb:26:in `call'
    /Library/Ruby/Gems/1.8/gems/rack-1.0.0/lib/rack/lock.rb:11:in `call'
    /Library/Ruby/Gems/1.8/gems/rack-1.0.0/lib/rack/lock.rb:11:in `synchronize'
    /Library/Ruby/Gems/1.8/gems/rack-1.0.0/lib/rack/lock.rb:11:in `call'
    /Library/Ruby/Gems/1.8/gems/actionpack-2.3.4/lib/action_controller/dispatcher.rb:114:in `call'
    /Library/Ruby/Gems/1.8/gems/actionpack-2.3.4/lib/action_controller/reloader.rb:34:in `run'
    /Library/Ruby/Gems/1.8/gems/actionpack-2.3.4/lib/action_controller/dispatcher.rb:108:in `call'
    /Library/Ruby/Gems/1.8/gems/rails-2.3.4/lib/rails/rack/static.rb:31:in `call'
    /Library/Ruby/Gems/1.8/gems/rack-1.0.0/lib/rack/urlmap.rb:46:in `call'
    /Library/Ruby/Gems/1.8/gems/rack-1.0.0/lib/rack/urlmap.rb:40:in `each'
    /Library/Ruby/Gems/1.8/gems/rack-1.0.0/lib/rack/urlmap.rb:40:in `call'
    /Library/Ruby/Gems/1.8/gems/rails-2.3.4/lib/rails/rack/log_tailer.rb:17:in `call'
    /Library/Ruby/Gems/1.8/gems/rack-1.0.0/lib/rack/content_length.rb:13:in `call'
    /Library/Ruby/Gems/1.8/gems/rack-1.0.0/lib/rack/chunked.rb:15:in `call'
    /Library/Ruby/Gems/1.8/gems/rack-1.0.0/lib/rack/handler/mongrel.rb:61:in `process'
    /System/Library/Frameworks/Ruby.framework/Versions/1.8/usr/lib/ruby/gems/1.8/gems/mongrel-1.1.4/lib/mongrel.rb:159:in `process_client'
    /System/Library/Frameworks/Ruby.framework/Versions/1.8/usr/lib/ruby/gems/1.8/gems/mongrel-1.1.4/lib/mongrel.rb:158:in `each'
    /System/Library/Frameworks/Ruby.framework/Versions/1.8/usr/lib/ruby/gems/1.8/gems/mongrel-1.1.4/lib/mongrel.rb:158:in `process_client'
    /System/Library/Frameworks/Ruby.framework/Versions/1.8/usr/lib/ruby/gems/1.8/gems/mongrel-1.1.4/lib/mongrel.rb:285:in `run'
    /System/Library/Frameworks/Ruby.framework/Versions/1.8/usr/lib/ruby/gems/1.8/gems/mongrel-1.1.4/lib/mongrel.rb:285:in `initialize'
    /System/Library/Frameworks/Ruby.framework/Versions/1.8/usr/lib/ruby/gems/1.8/gems/mongrel-1.1.4/lib/mongrel.rb:285:in `new'
    /System/Library/Frameworks/Ruby.framework/Versions/1.8/usr/lib/ruby/gems/1.8/gems/mongrel-1.1.4/lib/mongrel.rb:285:in `run'
    /System/Library/Frameworks/Ruby.framework/Versions/1.8/usr/lib/ruby/gems/1.8/gems/mongrel-1.1.4/lib/mongrel.rb:268:in `initialize'
    /System/Library/Frameworks/Ruby.framework/Versions/1.8/usr/lib/ruby/gems/1.8/gems/mongrel-1.1.4/lib/mongrel.rb:268:in `new'
    /System/Library/Frameworks/Ruby.framework/Versions/1.8/usr/lib/ruby/gems/1.8/gems/mongrel-1.1.4/lib/mongrel.rb:268:in `run'
    /Library/Ruby/Gems/1.8/gems/rack-1.0.0/lib/rack/handler/mongrel.rb:34:in `run'
    /Library/Ruby/Gems/1.8/gems/rails-2.3.4/lib/commands/server.rb:111
    /Library/Ruby/Site/1.8/rubygems/custom_require.rb:31:in `gem_original_require'
    /Library/Ruby/Site/1.8/rubygems/custom_require.rb:31:in `require'
    ./script/server:3
  [4;36;1mSQL (0.2ms)[0m   [0;1mSET SQL_AUTO_IS_NULL=0[0m


Processing HomeController#show (for 127.0.0.1 at 2010-06-09 21:07:03) [GET]
  Parameters: {"page"=>"about"}

ActionView::MissingTemplate (Missing template home/about.erb in view path app/views):
  app/controllers/home_controller.rb:4:in `show'

Rendering rescues/layout (internal_server_error)
  [4;35;1mSQL (0.1ms)[0m   [0mSET SQL_AUTO_IS_NULL=0[0m


Processing HomeController#show (for 127.0.0.1 at 2010-06-09 21:07:23) [GET]
  Parameters: {"page"=>"about"}
Rendering home/about
Completed in 100ms (View: 98, DB: 0) | 200 OK [http://localhost/about]
  [4;36;1mSQL (0.2ms)[0m   [0;1mSET SQL_AUTO_IS_NULL=0[0m


Processing HomeController#show (for 127.0.0.1 at 2010-06-09 21:07:45) [GET]
  Parameters: {"page"=>"dupa"}

ActionView::MissingTemplate (Missing template home/dupa.erb in view path app/views):
  app/controllers/home_controller.rb:4:in `show'

Rendering rescues/layout (internal_server_error)
  [4;35;1mSQL (0.3ms)[0m   [0mSET SQL_AUTO_IS_NULL=0[0m


Processing HomeController#show (for 127.0.0.1 at 2010-06-09 21:14:22) [GET]
  Parameters: {"page"=>"about"}
Rendering home/about
Completed in 2ms (View: 1, DB: 0) | 200 OK [http://localhost/about]
  [4;36;1mSQL (0.2ms)[0m   [0;1mSET SQL_AUTO_IS_NULL=0[0m


Processing HomeController#show (for 127.0.0.1 at 2010-06-09 21:18:49) [GET]
  Parameters: {"page"=>"about"}
Rendering template within layouts/main
Rendering home/about
Completed in 11ms (View: 9, DB: 0) | 200 OK [http://localhost/about]
  [4;35;1mSQL (0.1ms)[0m   [0mSET SQL_AUTO_IS_NULL=0[0m


Processing ApplicationController#index (for 127.0.0.1 at 2010-06-09 21:18:49) [GET]

ActionController::RoutingError (No route matches "/stylesheets/main.css" with {:method=>:get}):
  

Rendering rescues/layout (not_found)
  [4;36;1mSQL (0.1ms)[0m   [0;1mSET SQL_AUTO_IS_NULL=0[0m


Processing HomeController#show (for 127.0.0.1 at 2010-06-09 21:20:48) [GET]
  Parameters: {"page"=>"about"}
Rendering template within layouts/main
Rendering home/about
Completed in 7ms (View: 6, DB: 0) | 200 OK [http://localhost/about]
  [4;35;1mSQL (0.1ms)[0m   [0mSET SQL_AUTO_IS_NULL=0[0m


Processing ApplicationController#index (for 127.0.0.1 at 2010-06-09 21:20:48) [GET]

ActionController::RoutingError (No route matches "/stylesheets/main.css" with {:method=>:get}):
  

Rendering rescues/layout (not_found)
  [4;36;1mSQL (0.2ms)[0m   [0;1mSET SQL_AUTO_IS_NULL=0[0m


Processing HomeController#show (for 127.0.0.1 at 2010-06-09 21:21:22) [GET]
  Parameters: {"page"=>"about"}
Rendering template within layouts/main
Rendering home/about
Completed in 8ms (View: 6, DB: 0) | 200 OK [http://localhost/about]
  [4;35;1mSQL (0.1ms)[0m   [0mSET SQL_AUTO_IS_NULL=0[0m


Processing ApplicationController#index (for 127.0.0.1 at 2010-06-09 21:21:22) [GET]

ActionController::RoutingError (No route matches "/stylesheets/main.css" with {:method=>:get}):
  

Rendering rescues/layout (not_found)
  [4;36;1mSQL (0.2ms)[0m   [0;1mSET SQL_AUTO_IS_NULL=0[0m


Processing HomeController#show (for 127.0.0.1 at 2010-06-09 21:23:13) [GET]
  Parameters: {"page"=>"about"}
Rendering template within layouts/main
Rendering home/about
Completed in 3ms (View: 1, DB: 0) | 200 OK [http://localhost/about]
  [4;35;1mSQL (0.1ms)[0m   [0mSET SQL_AUTO_IS_NULL=0[0m


Processing HomeController#show (for 127.0.0.1 at 2010-06-09 21:25:39) [GET]
  Parameters: {"page"=>"about"}
Rendering template within layouts/main
Rendering home/about
Completed in 3ms (View: 1, DB: 0) | 200 OK [http://localhost/about]
  [4;36;1mSQL (0.1ms)[0m   [0;1mSET SQL_AUTO_IS_NULL=0[0m


Processing HomeController#show (for 127.0.0.1 at 2010-06-09 21:29:14) [GET]
  Parameters: {"page"=>"about"}
Rendering template within layouts/main
Rendering home/about
Completed in 42ms (View: 40, DB: 0) | 200 OK [http://localhost/about]
  [4;35;1mSQL (0.2ms)[0m   [0mSET SQL_AUTO_IS_NULL=0[0m


Processing HomeController#show (for 127.0.0.1 at 2010-06-09 21:30:22) [GET]
  Parameters: {"page"=>"about"}
Rendering template within layouts/main
Rendering home/about
Completed in 8ms (View: 6, DB: 0) | 200 OK [http://localhost/about]
  [4;36;1mSQL (0.1ms)[0m   [0;1mSET SQL_AUTO_IS_NULL=0[0m


Processing HomeController#show (for 127.0.0.1 at 2010-06-09 21:32:27) [GET]
  Parameters: {"page"=>"about"}
Rendering template within layouts/main
Rendering home/about
Completed in 8ms (View: 6, DB: 0) | 200 OK [http://localhost/about]
  [4;35;1mSQL (0.1ms)[0m   [0mSET SQL_AUTO_IS_NULL=0[0m


Processing HomeController#show (for 127.0.0.1 at 2010-06-09 21:32:43) [GET]
  Parameters: {"page"=>"about"}
Rendering template within layouts/main
Rendering home/about
Completed in 8ms (View: 7, DB: 0) | 200 OK [http://localhost/about]
  [4;36;1mSQL (0.1ms)[0m   [0;1mSET SQL_AUTO_IS_NULL=0[0m


Processing HomeController#show (for 127.0.0.1 at 2010-06-09 21:32:57) [GET]
  Parameters: {"page"=>"about"}
Rendering template within layouts/main
Rendering home/about
Completed in 8ms (View: 6, DB: 0) | 200 OK [http://localhost/about]
  [4;35;1mSQL (0.4ms)[0m   [0mSET SQL_AUTO_IS_NULL=0[0m


Processing HomeController#show (for 127.0.0.1 at 2010-06-09 21:33:15) [GET]
  Parameters: {"page"=>"about"}
Rendering template within layouts/main
Rendering home/about
Completed in 8ms (View: 7, DB: 0) | 200 OK [http://localhost/about]
  [4;36;1mSQL (0.3ms)[0m   [0;1mSET SQL_AUTO_IS_NULL=0[0m


Processing HomeController#show (for 127.0.0.1 at 2010-06-09 21:33:25) [GET]
  Parameters: {"page"=>"about"}
Rendering template within layouts/main
Rendering home/about
Completed in 3ms (View: 1, DB: 0) | 200 OK [http://localhost/about]
  [4;35;1mSQL (0.1ms)[0m   [0mSET SQL_AUTO_IS_NULL=0[0m


Processing HomeController#show (for 127.0.0.1 at 2010-06-09 21:33:47) [GET]
  Parameters: {"page"=>"about"}
Rendering template within layouts/main
Rendering home/about
Completed in 3ms (View: 1, DB: 0) | 200 OK [http://localhost/about]
  [4;36;1mSQL (0.4ms)[0m   [0;1mSET SQL_AUTO_IS_NULL=0[0m


Processing HomeController#show (for 127.0.0.1 at 2010-06-09 21:34:01) [GET]
  Parameters: {"page"=>"about"}
Rendering template within layouts/main
Rendering home/about
Completed in 3ms (View: 1, DB: 0) | 200 OK [http://localhost/about]
  [4;35;1mSQL (0.2ms)[0m   [0mSET SQL_AUTO_IS_NULL=0[0m


Processing HomeController#show (for 127.0.0.1 at 2010-06-09 21:35:05) [GET]
  Parameters: {"page"=>"about"}
Rendering template within layouts/main
Rendering home/about
Completed in 3ms (View: 1, DB: 0) | 200 OK [http://localhost/about]
  [4;36;1mSQL (0.1ms)[0m   [0;1mSET SQL_AUTO_IS_NULL=0[0m


Processing HomeController#show (for 127.0.0.1 at 2010-06-09 21:37:17) [GET]
  Parameters: {"page"=>"about"}
Rendering template within layouts/main
Rendering home/about
Completed in 8ms (View: 7, DB: 0) | 200 OK [http://localhost/about]
  [4;35;1mSQL (0.2ms)[0m   [0mSET SQL_AUTO_IS_NULL=0[0m


Processing HomeController#show (for 127.0.0.1 at 2010-06-09 21:37:28) [GET]
  Parameters: {"page"=>"about"}
Rendering template within layouts/main
Rendering home/about
Completed in 3ms (View: 2, DB: 0) | 200 OK [http://localhost/about]
  [4;36;1mSQL (0.2ms)[0m   [0;1mSET SQL_AUTO_IS_NULL=0[0m


Processing HomeController#show (for 127.0.0.1 at 2010-06-09 21:37:35) [GET]
  Parameters: {"page"=>"about"}
Rendering template within layouts/main
Rendering home/about
Completed in 5ms (View: 2, DB: 0) | 200 OK [http://localhost/about]
  [4;35;1mSQL (0.2ms)[0m   [0mSET SQL_AUTO_IS_NULL=0[0m


Processing HomeController#show (for 127.0.0.1 at 2010-06-09 21:37:36) [GET]
  Parameters: {"page"=>"about"}
Rendering template within layouts/main
Rendering home/about
Completed in 5ms (View: 3, DB: 0) | 200 OK [http://localhost/about]
  [4;36;1mSQL (0.2ms)[0m   [0;1mSET SQL_AUTO_IS_NULL=0[0m


Processing HomeController#show (for 127.0.0.1 at 2010-06-09 21:37:47) [GET]
  Parameters: {"page"=>"about"}
Rendering template within layouts/main
Rendering home/about
Completed in 5ms (View: 3, DB: 0) | 200 OK [http://localhost/about]
  [4;35;1mSQL (0.2ms)[0m   [0mSET SQL_AUTO_IS_NULL=0[0m


Processing HomeController#show (for 127.0.0.1 at 2010-06-09 21:38:18) [GET]
  Parameters: {"page"=>"about"}
Rendering template within layouts/main
Rendering home/about
Completed in 11ms (View: 8, DB: 0) | 200 OK [http://localhost/about]
  [4;36;1mSQL (0.1ms)[0m   [0;1mSET SQL_AUTO_IS_NULL=0[0m


Processing HomeController#show (for 127.0.0.1 at 2010-06-09 21:38:57) [GET]
  Parameters: {"page"=>"about"}
Rendering template within layouts/main
Rendering home/about
Completed in 3ms (View: 2, DB: 0) | 200 OK [http://localhost/about]
  [4;35;1mSQL (0.2ms)[0m   [0mSET SQL_AUTO_IS_NULL=0[0m


Processing HomeController#show (for 127.0.0.1 at 2010-06-09 21:39:04) [GET]
  Parameters: {"page"=>"about"}
Rendering template within layouts/main
Rendering home/about
Completed in 3ms (View: 2, DB: 0) | 200 OK [http://localhost/about]
  [4;36;1mSQL (0.1ms)[0m   [0;1mSET SQL_AUTO_IS_NULL=0[0m


Processing HomeController#show (for 127.0.0.1 at 2010-06-09 21:42:04) [GET]
  Parameters: {"page"=>"about"}
Rendering template within layouts/main
Rendering home/about
Completed in 7ms (View: 6, DB: 0) | 200 OK [http://localhost/about]
  [4;35;1mSQL (0.1ms)[0m   [0mSET SQL_AUTO_IS_NULL=0[0m


Processing HomeController#show (for 127.0.0.1 at 2010-06-09 21:43:51) [GET]
  Parameters: {"page"=>"about"}
Rendering template within layouts/main
Rendering home/about
Completed in 9ms (View: 8, DB: 0) | 200 OK [http://localhost/about]
  [4;36;1mSQL (0.4ms)[0m   [0;1mSET SQL_AUTO_IS_NULL=0[0m


Processing HomeController#show (for 127.0.0.1 at 2010-06-09 21:45:28) [GET]
  Parameters: {"page"=>"about"}
Rendering template within layouts/main
Rendering home/about
Completed in 10ms (View: 8, DB: 0) | 200 OK [http://localhost/about]
  [4;36;1mSQL (35.4ms)[0m   [0;1mSET SQL_AUTO_IS_NULL=0[0m


Processing HomeController#show (for 192.168.1.137 at 2010-06-10 17:35:38) [GET]
  Parameters: {"page"=>"about"}
Rendering template within layouts/main
Rendering home/about
Completed in 126ms (View: 124, DB: 35) | 200 OK [http://192.168.1.97/about]
  [4;35;1mSQL (0.2ms)[0m   [0mSET SQL_AUTO_IS_NULL=0[0m


Processing HomeController#show (for 192.168.1.137 at 2010-06-10 17:45:38) [GET]
  Parameters: {"page"=>"about"}
Rendering template within layouts/main
Rendering home/about
Completed in 9ms (View: 8, DB: 0) | 200 OK [http://192.168.1.97/about]
  [4;36;1mSQL (0.2ms)[0m   [0;1mSET SQL_AUTO_IS_NULL=0[0m


Processing HomeController#show (for 192.168.1.137 at 2010-06-10 17:45:54) [GET]
  Parameters: {"page"=>"about"}
Rendering template within layouts/main
Rendering home/about
Completed in 12ms (View: 10, DB: 0) | 200 OK [http://192.168.1.97/about]
  [4;35;1mSQL (0.2ms)[0m   [0mSET SQL_AUTO_IS_NULL=0[0m


Processing HomeController#show (for 192.168.1.137 at 2010-06-10 17:47:21) [GET]
  Parameters: {"page"=>"about"}
Rendering template within layouts/main
Rendering home/about
Completed in 10ms (View: 8, DB: 0) | 200 OK [http://192.168.1.97/about]
  [4;36;1mSQL (0.2ms)[0m   [0;1mSET SQL_AUTO_IS_NULL=0[0m


Processing HomeController#show (for 192.168.1.137 at 2010-06-10 17:49:30) [GET]
  Parameters: {"page"=>"about"}
Rendering template within layouts/main
Rendering home/about
Completed in 12ms (View: 10, DB: 0) | 200 OK [http://192.168.1.97/about]
  [4;35;1mSQL (0.2ms)[0m   [0mSET SQL_AUTO_IS_NULL=0[0m


Processing HomeController#show (for 192.168.1.137 at 2010-06-10 17:49:41) [GET]
  Parameters: {"page"=>"about"}
Rendering template within layouts/main
Rendering home/about
Completed in 4ms (View: 2, DB: 0) | 200 OK [http://192.168.1.97/about]
  [4;36;1mSQL (0.2ms)[0m   [0;1mSET SQL_AUTO_IS_NULL=0[0m


Processing HomeController#show (for 192.168.1.137 at 2010-06-10 17:50:50) [GET]
  Parameters: {"page"=>"about"}
Rendering template within layouts/main
Rendering home/about
Completed in 10ms (View: 8, DB: 0) | 200 OK [http://192.168.1.97/about]
  [4;35;1mSQL (0.2ms)[0m   [0mSET SQL_AUTO_IS_NULL=0[0m


Processing HomeController#show (for 192.168.1.137 at 2010-06-10 18:00:14) [GET]
  Parameters: {"page"=>"about"}
Rendering template within layouts/main
Rendering home/about
Completed in 11ms (View: 9, DB: 0) | 200 OK [http://192.168.1.97/about]
  [4;36;1mSQL (0.2ms)[0m   [0;1mSET SQL_AUTO_IS_NULL=0[0m


Processing HomeController#show (for 192.168.1.137 at 2010-06-10 18:00:46) [GET]
  Parameters: {"page"=>"about"}
Rendering template within layouts/main
Rendering home/about
Completed in 5ms (View: 3, DB: 0) | 200 OK [http://192.168.1.97/about]
  [4;35;1mSQL (0.2ms)[0m   [0mSET SQL_AUTO_IS_NULL=0[0m


Processing HomeController#show (for 192.168.1.137 at 2010-06-10 18:01:21) [GET]
  Parameters: {"page"=>"about"}
Rendering template within layouts/main
Rendering home/about
Completed in 3ms (View: 2, DB: 0) | 200 OK [http://192.168.1.97/about]
  [4;36;1mSQL (0.2ms)[0m   [0;1mSET SQL_AUTO_IS_NULL=0[0m


Processing HomeController#show (for 192.168.1.137 at 2010-06-10 18:01:33) [GET]
  Parameters: {"page"=>"about"}
Rendering template within layouts/main
Rendering home/about
Completed in 5ms (View: 3, DB: 0) | 200 OK [http://192.168.1.97/about]
  [4;35;1mSQL (0.2ms)[0m   [0mSET SQL_AUTO_IS_NULL=0[0m


Processing HomeController#show (for 192.168.1.137 at 2010-06-10 18:02:29) [GET]
  Parameters: {"page"=>"about"}
Rendering template within layouts/main
Rendering home/about
Completed in 12ms (View: 10, DB: 0) | 200 OK [http://192.168.1.97/about]
  [4;36;1mSQL (0.2ms)[0m   [0;1mSET SQL_AUTO_IS_NULL=0[0m


Processing HomeController#show (for 192.168.1.137 at 2010-06-10 18:02:51) [GET]
  Parameters: {"page"=>"about"}
Rendering template within layouts/main
Rendering home/about
Completed in 10ms (View: 8, DB: 0) | 200 OK [http://192.168.1.97/about]
  [4;35;1mSQL (0.2ms)[0m   [0mSET SQL_AUTO_IS_NULL=0[0m


Processing HomeController#show (for 192.168.1.137 at 2010-06-10 18:03:05) [GET]
  Parameters: {"page"=>"about"}
Rendering template within layouts/main
Rendering home/about
Completed in 11ms (View: 9, DB: 0) | 200 OK [http://192.168.1.97/about]
  [4;36;1mSQL (0.2ms)[0m   [0;1mSET SQL_AUTO_IS_NULL=0[0m


Processing HomeController#show (for 192.168.1.137 at 2010-06-10 18:03:19) [GET]
  Parameters: {"page"=>"about"}
Rendering template within layouts/main
Rendering home/about
Completed in 4ms (View: 2, DB: 0) | 200 OK [http://192.168.1.97/about]
  [4;35;1mSQL (0.2ms)[0m   [0mSET SQL_AUTO_IS_NULL=0[0m


Processing HomeController#show (for 192.168.1.137 at 2010-06-10 18:03:30) [GET]
  Parameters: {"page"=>"about"}
Rendering template within layouts/main
Rendering home/about
Completed in 4ms (View: 2, DB: 0) | 200 OK [http://192.168.1.97/about]
  [4;36;1mSQL (0.2ms)[0m   [0;1mSET SQL_AUTO_IS_NULL=0[0m


Processing HomeController#show (for 192.168.1.137 at 2010-06-10 18:03:57) [GET]
  Parameters: {"page"=>"about"}
Rendering template within layouts/main
Rendering home/about
Completed in 4ms (View: 2, DB: 0) | 200 OK [http://192.168.1.97/about]
  [4;35;1mSQL (0.2ms)[0m   [0mSET SQL_AUTO_IS_NULL=0[0m


Processing HomeController#show (for 192.168.1.137 at 2010-06-10 18:04:51) [GET]
  Parameters: {"page"=>"about"}
Rendering template within layouts/main
Rendering home/about
Completed in 14ms (View: 11, DB: 0) | 200 OK [http://192.168.1.97/about]
  [4;36;1mSQL (0.2ms)[0m   [0;1mSET SQL_AUTO_IS_NULL=0[0m


Processing HomeController#show (for 192.168.1.137 at 2010-06-10 18:05:05) [GET]
  Parameters: {"page"=>"about"}
Rendering template within layouts/main
Rendering home/about
Completed in 3ms (View: 2, DB: 0) | 200 OK [http://192.168.1.97/about]
  [4;35;1mSQL (0.2ms)[0m   [0mSET SQL_AUTO_IS_NULL=0[0m


Processing HomeController#show (for 192.168.1.137 at 2010-06-10 18:05:14) [GET]
  Parameters: {"page"=>"about"}
Rendering template within layouts/main
Rendering home/about
Completed in 5ms (View: 3, DB: 0) | 200 OK [http://192.168.1.97/about]
  [4;36;1mSQL (0.2ms)[0m   [0;1mSET SQL_AUTO_IS_NULL=0[0m


Processing HomeController#show (for 192.168.1.137 at 2010-06-10 18:05:29) [GET]
  Parameters: {"page"=>"about"}
Rendering template within layouts/main
Rendering home/about
Completed in 4ms (View: 2, DB: 0) | 200 OK [http://192.168.1.97/about]
  [4;35;1mSQL (0.2ms)[0m   [0mSET SQL_AUTO_IS_NULL=0[0m


Processing HomeController#show (for 192.168.1.137 at 2010-06-10 18:05:54) [GET]
  Parameters: {"page"=>"about"}
Rendering template within layouts/main
Rendering home/about
Completed in 5ms (View: 3, DB: 0) | 200 OK [http://192.168.1.97/about]
  [4;36;1mSQL (0.2ms)[0m   [0;1mSET SQL_AUTO_IS_NULL=0[0m


Processing HomeController#show (for 192.168.1.137 at 2010-06-10 18:05:58) [GET]
  Parameters: {"page"=>"about"}
Rendering template within layouts/main
Rendering home/about
Completed in 5ms (View: 3, DB: 0) | 200 OK [http://192.168.1.97/about]
  [4;35;1mSQL (0.2ms)[0m   [0mSET SQL_AUTO_IS_NULL=0[0m


Processing HomeController#show (for 192.168.1.137 at 2010-06-10 18:06:24) [GET]
  Parameters: {"page"=>"about"}
Rendering template within layouts/main
Rendering home/about
Completed in 5ms (View: 3, DB: 0) | 200 OK [http://192.168.1.97/about]
  [4;36;1mSQL (0.2ms)[0m   [0;1mSET SQL_AUTO_IS_NULL=0[0m


Processing HomeController#show (for 192.168.1.137 at 2010-06-10 18:06:29) [GET]
  Parameters: {"page"=>"about"}
Rendering template within layouts/main
Rendering home/about
Completed in 4ms (View: 2, DB: 0) | 200 OK [http://192.168.1.97/about]
  [4;35;1mSQL (0.2ms)[0m   [0mSET SQL_AUTO_IS_NULL=0[0m


Processing HomeController#show (for 192.168.1.137 at 2010-06-10 18:06:36) [GET]
  Parameters: {"page"=>"about"}
Rendering template within layouts/main
Rendering home/about
Completed in 5ms (View: 3, DB: 0) | 200 OK [http://192.168.1.97/about]
  [4;36;1mSQL (0.2ms)[0m   [0;1mSET SQL_AUTO_IS_NULL=0[0m


Processing HomeController#show (for 192.168.1.137 at 2010-06-10 18:07:04) [GET]
  Parameters: {"page"=>"about"}
Rendering template within layouts/main
Rendering home/about
Completed in 4ms (View: 2, DB: 0) | 200 OK [http://192.168.1.97/about]
  [4;35;1mSQL (0.2ms)[0m   [0mSET SQL_AUTO_IS_NULL=0[0m


Processing HomeController#show (for 192.168.1.137 at 2010-06-10 18:09:00) [GET]
  Parameters: {"page"=>"about"}
Rendering template within layouts/main
Rendering home/about
Completed in 4ms (View: 2, DB: 0) | 200 OK [http://192.168.1.97/about]
  [4;36;1mSQL (0.2ms)[0m   [0;1mSET SQL_AUTO_IS_NULL=0[0m


Processing HomeController#show (for 192.168.1.137 at 2010-06-10 18:09:09) [GET]
  Parameters: {"page"=>"about"}
Rendering template within layouts/main
Rendering home/about
Completed in 4ms (View: 2, DB: 0) | 200 OK [http://192.168.1.97/about]
  [4;35;1mSQL (0.2ms)[0m   [0mSET SQL_AUTO_IS_NULL=0[0m


Processing HomeController#show (for 192.168.1.137 at 2010-06-10 18:09:31) [GET]
  Parameters: {"page"=>"about"}
Rendering template within layouts/main
Rendering home/about
Completed in 3ms (View: 2, DB: 0) | 200 OK [http://192.168.1.97/about]
  [4;36;1mSQL (0.2ms)[0m   [0;1mSET SQL_AUTO_IS_NULL=0[0m


Processing HomeController#show (for 192.168.1.137 at 2010-06-10 18:12:12) [GET]
  Parameters: {"page"=>"about"}
Rendering template within layouts/main
Rendering home/about
Completed in 12ms (View: 10, DB: 0) | 200 OK [http://192.168.1.97/about]
  [4;35;1mSQL (0.2ms)[0m   [0mSET SQL_AUTO_IS_NULL=0[0m


Processing HomeController#show (for 192.168.1.137 at 2010-06-10 18:13:38) [GET]
  Parameters: {"page"=>"about"}
Rendering template within layouts/main
Rendering home/about
Completed in 5ms (View: 3, DB: 0) | 200 OK [http://192.168.1.97/about]
  [4;36;1mSQL (0.2ms)[0m   [0;1mSET SQL_AUTO_IS_NULL=0[0m


Processing HomeController#index (for 192.168.1.137 at 2010-06-10 18:15:32) [GET]
Rendering template within layouts/main
Rendering home/index
Completed in 62ms (View: 60, DB: 0) | 200 OK [http://192.168.1.97/home/index]
  [4;35;1mSQL (0.2ms)[0m   [0mSET SQL_AUTO_IS_NULL=0[0m


Processing HomeController#index (for 192.168.1.137 at 2010-06-10 18:30:10) [GET]
Rendering template within layouts/main
Rendering home/index
Completed in 8ms (View: 7, DB: 0) | 200 OK [http://192.168.1.97/home/index]
  [4;36;1mSQL (0.2ms)[0m   [0;1mSET SQL_AUTO_IS_NULL=0[0m


Processing HomeController#show (for 192.168.1.137 at 2010-06-10 18:30:12) [GET]
  Parameters: {"page"=>"about"}
Rendering template within layouts/main
Rendering home/about
Completed in 11ms (View: 9, DB: 0) | 200 OK [http://192.168.1.97/about]
  [4;35;1mSQL (0.2ms)[0m   [0mSET SQL_AUTO_IS_NULL=0[0m


Processing HomeController#index (for 192.168.1.137 at 2010-06-10 18:31:00) [GET]
Rendering template within layouts/main
Rendering home/index
Completed in 9ms (View: 8, DB: 0) | 200 OK [http://192.168.1.97/home/index]
  [4;36;1mSQL (0.2ms)[0m   [0;1mSET SQL_AUTO_IS_NULL=0[0m


Processing HomeController#index (for 192.168.1.137 at 2010-06-10 18:36:03) [GET]
Rendering template within layouts/main
Rendering home/index
Completed in 12ms (View: 10, DB: 0) | 200 OK [http://192.168.1.97/home/index]
  [4;35;1mSQL (0.2ms)[0m   [0mSET SQL_AUTO_IS_NULL=0[0m


Processing HomeController#index (for 192.168.1.137 at 2010-06-10 18:36:55) [GET]
Rendering template within layouts/main
Rendering home/index
Completed in 9ms (View: 8, DB: 0) | 200 OK [http://192.168.1.97/home/index]
  [4;36;1mSQL (0.2ms)[0m   [0;1mSET SQL_AUTO_IS_NULL=0[0m


Processing HomeController#index (for 192.168.1.137 at 2010-06-10 18:37:01) [GET]
Rendering template within layouts/main
Rendering home/index
Completed in 4ms (View: 2, DB: 0) | 200 OK [http://192.168.1.97/home/index]
  [4;35;1mSQL (0.3ms)[0m   [0mSET SQL_AUTO_IS_NULL=0[0m


Processing HomeController#show (for 192.168.1.137 at 2010-06-10 18:37:04) [GET]
  Parameters: {"page"=>"about"}
Rendering template within layouts/main
Rendering home/about
Completed in 4ms (View: 2, DB: 0) | 200 OK [http://192.168.1.97/about]
  [4;36;1mSQL (0.2ms)[0m   [0;1mSET SQL_AUTO_IS_NULL=0[0m


Processing HomeController#index (for 192.168.1.137 at 2010-06-10 18:37:18) [GET]
Rendering template within layouts/main
Rendering home/index
Completed in 4ms (View: 2, DB: 0) | 200 OK [http://192.168.1.97/home/index]
  [4;35;1mSQL (0.2ms)[0m   [0mSET SQL_AUTO_IS_NULL=0[0m


Processing HomeController#show (for 192.168.1.137 at 2010-06-10 18:37:57) [GET]
  Parameters: {"page"=>"about"}
Rendering template within layouts/main
Rendering home/about
Completed in 5ms (View: 3, DB: 0) | 200 OK [http://192.168.1.97/about]
  [4;36;1mSQL (0.2ms)[0m   [0;1mSET SQL_AUTO_IS_NULL=0[0m


Processing HomeController#index (for 192.168.1.137 at 2010-06-10 18:38:00) [GET]
Rendering template within layouts/main
Rendering home/index
Completed in 3ms (View: 2, DB: 0) | 200 OK [http://192.168.1.97/home/index]
  [4;35;1mSQL (0.2ms)[0m   [0mSET SQL_AUTO_IS_NULL=0[0m


Processing HomeController#index (for 192.168.1.137 at 2010-06-10 18:40:11) [GET]
Rendering template within layouts/main
Rendering home/index
Completed in 9ms (View: 7, DB: 0) | 200 OK [http://192.168.1.97/home/index]
  [4;36;1mSQL (0.2ms)[0m   [0;1mSET SQL_AUTO_IS_NULL=0[0m


Processing HomeController#index (for 192.168.1.137 at 2010-06-10 18:40:29) [GET]
Rendering template within layouts/main
Rendering home/index
Completed in 10ms (View: 8, DB: 0) | 200 OK [http://192.168.1.97/home/index]
  [4;35;1mSQL (0.2ms)[0m   [0mSET SQL_AUTO_IS_NULL=0[0m


Processing HomeController#index (for 192.168.1.137 at 2010-06-10 18:43:23) [GET]
Rendering template within layouts/main
Rendering home/index
Completed in 9ms (View: 7, DB: 0) | 200 OK [http://192.168.1.97/home/index]
  [4;36;1mSQL (0.2ms)[0m   [0;1mSET SQL_AUTO_IS_NULL=0[0m


Processing HomeController#index (for 192.168.1.137 at 2010-06-10 18:46:00) [GET]
Rendering template within layouts/main
Rendering home/index
Completed in 10ms (View: 8, DB: 0) | 200 OK [http://192.168.1.97/home/index]
  [4;35;1mSQL (0.2ms)[0m   [0mSET SQL_AUTO_IS_NULL=0[0m


Processing HomeController#index (for 192.168.1.137 at 2010-06-10 18:46:23) [GET]
Rendering template within layouts/main
Rendering home/index
Completed in 13ms (View: 11, DB: 0) | 200 OK [http://192.168.1.97/home/index]
  [4;36;1mSQL (0.2ms)[0m   [0;1mSET SQL_AUTO_IS_NULL=0[0m


Processing HomeController#index (for 192.168.1.137 at 2010-06-10 18:46:41) [GET]
Rendering template within layouts/main
Rendering home/index
Completed in 11ms (View: 9, DB: 0) | 200 OK [http://192.168.1.97/home/index]
  [4;35;1mSQL (0.2ms)[0m   [0mSET SQL_AUTO_IS_NULL=0[0m


Processing HomeController#index (for 192.168.1.137 at 2010-06-10 18:47:13) [GET]
Rendering template within layouts/main
Rendering home/index
Completed in 56ms (View: 54, DB: 0) | 200 OK [http://192.168.1.97/home/index]
  [4;36;1mSQL (0.2ms)[0m   [0;1mSET SQL_AUTO_IS_NULL=0[0m


Processing HomeController#index (for 192.168.1.137 at 2010-06-10 19:04:45) [GET]
Rendering template within layouts/main
Rendering home/index
Completed in 10ms (View: 9, DB: 0) | 200 OK [http://192.168.1.97/home/index]
  [4;35;1mSQL (0.2ms)[0m   [0mSET SQL_AUTO_IS_NULL=0[0m


Processing HomeController#index (for 192.168.1.137 at 2010-06-10 19:05:05) [GET]
Rendering template within layouts/main
Rendering home/index
Completed in 12ms (View: 10, DB: 0) | 200 OK [http://192.168.1.97/home/index]
  [4;36;1mSQL (0.2ms)[0m   [0;1mSET SQL_AUTO_IS_NULL=0[0m


Processing HomeController#index (for 192.168.1.137 at 2010-06-10 19:05:24) [GET]
Rendering template within layouts/main
Rendering home/index
Completed in 10ms (View: 9, DB: 0) | 200 OK [http://192.168.1.97/home/index]
  [4;35;1mSQL (0.2ms)[0m   [0mSET SQL_AUTO_IS_NULL=0[0m


Processing HomeController#index (for 192.168.1.137 at 2010-06-10 19:05:34) [GET]
Rendering template within layouts/main
Rendering home/index
Completed in 5ms (View: 4, DB: 0) | 200 OK [http://192.168.1.97/home/index]
  [4;36;1mSQL (0.2ms)[0m   [0;1mSET SQL_AUTO_IS_NULL=0[0m


Processing HomeController#index (for 192.168.1.137 at 2010-06-10 19:05:44) [GET]
Rendering template within layouts/main
Rendering home/index
Completed in 5ms (View: 3, DB: 0) | 200 OK [http://192.168.1.97/home/index]
  [4;35;1mSQL (0.2ms)[0m   [0mSET SQL_AUTO_IS_NULL=0[0m


Processing HomeController#index (for 192.168.1.137 at 2010-06-10 19:06:11) [GET]
Rendering template within layouts/main
Rendering home/index
Completed in 10ms (View: 9, DB: 0) | 200 OK [http://192.168.1.97/home/index]
  [4;36;1mSQL (0.2ms)[0m   [0;1mSET SQL_AUTO_IS_NULL=0[0m


Processing HomeController#index (for 192.168.1.137 at 2010-06-10 19:06:22) [GET]
Rendering template within layouts/main
Rendering home/index
Completed in 54ms (View: 52, DB: 0) | 200 OK [http://192.168.1.97/home/index]
  [4;35;1mSQL (0.2ms)[0m   [0mSET SQL_AUTO_IS_NULL=0[0m


Processing HomeController#index (for 192.168.1.137 at 2010-06-10 19:07:12) [GET]
Rendering template within layouts/main
Rendering home/index
Completed in 11ms (View: 9, DB: 0) | 200 OK [http://192.168.1.97/home/index]
  [4;36;1mSQL (0.2ms)[0m   [0;1mSET SQL_AUTO_IS_NULL=0[0m


Processing HomeController#index (for 192.168.1.137 at 2010-06-10 19:07:25) [GET]
Rendering template within layouts/main
Rendering home/index
Completed in 5ms (View: 3, DB: 0) | 200 OK [http://192.168.1.97/home/index]
  [4;35;1mSQL (0.2ms)[0m   [0mSET SQL_AUTO_IS_NULL=0[0m


Processing HomeController#index (for 192.168.1.137 at 2010-06-10 19:09:55) [GET]
Rendering template within layouts/main
Rendering home/index
Completed in 5ms (View: 3, DB: 0) | 200 OK [http://192.168.1.97/home/index]
  [4;36;1mSQL (0.2ms)[0m   [0;1mSET SQL_AUTO_IS_NULL=0[0m


Processing HomeController#index (for 192.168.1.137 at 2010-06-10 19:10:53) [GET]
Rendering template within layouts/main
Rendering home/index
Completed in 5ms (View: 3, DB: 0) | 200 OK [http://192.168.1.97/home/index]
  [4;35;1mSQL (0.2ms)[0m   [0mSET SQL_AUTO_IS_NULL=0[0m


Processing HomeController#index (for 192.168.1.137 at 2010-06-10 19:11:11) [GET]
Rendering template within layouts/main
Rendering home/index
Completed in 5ms (View: 3, DB: 0) | 200 OK [http://192.168.1.97/home/index]
  [4;36;1mSQL (0.2ms)[0m   [0;1mSET SQL_AUTO_IS_NULL=0[0m


Processing HomeController#index (for 192.168.1.137 at 2010-06-10 19:11:24) [GET]
Rendering template within layouts/main
Rendering home/index
Completed in 6ms (View: 4, DB: 0) | 200 OK [http://192.168.1.97/home/index]
  [4;35;1mSQL (0.2ms)[0m   [0mSET SQL_AUTO_IS_NULL=0[0m


Processing HomeController#index (for 192.168.1.137 at 2010-06-10 19:11:33) [GET]
Rendering template within layouts/main
Rendering home/index
Completed in 6ms (View: 4, DB: 0) | 200 OK [http://192.168.1.97/home/index]
  [4;36;1mSQL (0.2ms)[0m   [0;1mSET SQL_AUTO_IS_NULL=0[0m


Processing HomeController#index (for 192.168.1.137 at 2010-06-10 19:11:58) [GET]
Rendering template within layouts/main
Rendering home/index
Completed in 11ms (View: 9, DB: 0) | 200 OK [http://192.168.1.97/home/index]
  [4;35;1mSQL (0.2ms)[0m   [0mSET SQL_AUTO_IS_NULL=0[0m


Processing HomeController#index (for 192.168.1.137 at 2010-06-10 19:14:11) [GET]
Rendering template within layouts/main
Rendering home/index
Completed in 10ms (View: 9, DB: 0) | 200 OK [http://192.168.1.97/home/index]
  [4;36;1mSQL (0.2ms)[0m   [0;1mSET SQL_AUTO_IS_NULL=0[0m


Processing HomeController#index (for 192.168.1.137 at 2010-06-10 19:14:47) [GET]
Rendering template within layouts/main
Rendering home/index
Completed in 11ms (View: 9, DB: 0) | 200 OK [http://192.168.1.97/home/index]
  [4;35;1mSQL (0.2ms)[0m   [0mSET SQL_AUTO_IS_NULL=0[0m


Processing HomeController#index (for 192.168.1.137 at 2010-06-10 19:14:51) [GET]
Rendering template within layouts/main
Rendering home/index
Completed in 5ms (View: 3, DB: 0) | 200 OK [http://192.168.1.97/home/index]
  [4;36;1mSQL (0.2ms)[0m   [0;1mSET SQL_AUTO_IS_NULL=0[0m


Processing HomeController#index (for 192.168.1.137 at 2010-06-10 19:15:01) [GET]
Rendering template within layouts/main
Rendering home/index
Completed in 6ms (View: 4, DB: 0) | 200 OK [http://192.168.1.97/home/index]
  [4;35;1mSQL (0.2ms)[0m   [0mSET SQL_AUTO_IS_NULL=0[0m


Processing HomeController#index (for 192.168.1.137 at 2010-06-10 19:15:11) [GET]
Rendering template within layouts/main
Rendering home/index
Completed in 11ms (View: 9, DB: 0) | 200 OK [http://192.168.1.97/home/index]
  [4;36;1mSQL (0.2ms)[0m   [0;1mSET SQL_AUTO_IS_NULL=0[0m


Processing HomeController#index (for 192.168.1.137 at 2010-06-10 19:15:21) [GET]
Rendering template within layouts/main
Rendering home/index
Completed in 10ms (View: 9, DB: 0) | 200 OK [http://192.168.1.97/home/index]
  [4;35;1mSQL (0.2ms)[0m   [0mSET SQL_AUTO_IS_NULL=0[0m


Processing HomeController#index (for 192.168.1.137 at 2010-06-10 19:15:32) [GET]
Rendering template within layouts/main
Rendering home/index
Completed in 5ms (View: 3, DB: 0) | 200 OK [http://192.168.1.97/home/index]
  [4;36;1mSQL (0.2ms)[0m   [0;1mSET SQL_AUTO_IS_NULL=0[0m


Processing HomeController#index (for 192.168.1.137 at 2010-06-10 19:15:35) [GET]
Rendering template within layouts/main
Rendering home/index
Completed in 5ms (View: 3, DB: 0) | 200 OK [http://192.168.1.97/home/index]
  [4;35;1mSQL (0.1ms)[0m   [0mSET SQL_AUTO_IS_NULL=0[0m


Processing HomeController#index (for 192.168.1.137 at 2010-06-10 19:16:11) [GET]
Rendering template within layouts/main
Rendering home/index
Completed in 10ms (View: 9, DB: 0) | 200 OK [http://192.168.1.97/home/index]
  [4;36;1mSQL (0.2ms)[0m   [0;1mSET SQL_AUTO_IS_NULL=0[0m


Processing HomeController#index (for 192.168.1.137 at 2010-06-10 19:16:15) [GET]
Rendering template within layouts/main
Rendering home/index
Completed in 7ms (View: 4, DB: 0) | 200 OK [http://192.168.1.97/home/index]
  [4;36;1mSQL (0.2ms)[0m   [0;1mSET SQL_AUTO_IS_NULL=0[0m


Processing HomeController#index (for 192.168.1.137 at 2010-06-10 19:18:01) [GET]
Rendering template within layouts/main
Rendering home/index
Completed in 26ms (View: 25, DB: 0) | 200 OK [http://192.168.1.97/]
  [4;35;1mSQL (0.1ms)[0m   [0mSET SQL_AUTO_IS_NULL=0[0m


Processing HomeController#index (for 192.168.1.137 at 2010-06-10 19:19:59) [GET]
Rendering template within layouts/main
Rendering home/index
Completed in 4ms (View: 3, DB: 0) | 200 OK [http://192.168.1.97/]
  [4;36;1mSQL (0.2ms)[0m   [0;1mSET SQL_AUTO_IS_NULL=0[0m


Processing HomeController#index (for 192.168.1.137 at 2010-06-10 19:20:42) [GET]
Rendering template within layouts/main
Rendering home/index
Completed in 6ms (View: 4, DB: 0) | 200 OK [http://192.168.1.97/]
  [4;35;1mSQL (0.2ms)[0m   [0mSET SQL_AUTO_IS_NULL=0[0m


Processing HomeController#show (for 192.168.1.137 at 2010-06-10 19:21:04) [GET]
  Parameters: {"page"=>"dupa"}

ActionView::MissingTemplate (Missing template home/dupa.erb in view path app/views):
  app/controllers/home_controller.rb:7:in `show'

Rendering rescues/layout (internal_server_error)
  [4;36;1mSQL (0.2ms)[0m   [0;1mSET SQL_AUTO_IS_NULL=0[0m


Processing HomeController#show (for 192.168.1.137 at 2010-06-10 19:33:59) [GET]
  Parameters: {"page"=>"venue"}
Rendering template within layouts/main
Rendering home/venue
Completed in 11ms (View: 9, DB: 0) | 200 OK [http://192.168.1.97/venue]
  [4;35;1mSQL (0.2ms)[0m   [0mSET SQL_AUTO_IS_NULL=0[0m


Processing HomeController#show (for 192.168.1.137 at 2010-06-10 19:37:43) [GET]
  Parameters: {"page"=>"venue"}
Rendering template within layouts/main
Rendering home/venue
Completed in 5ms (View: 3, DB: 0) | 200 OK [http://192.168.1.97/venue]
  [4;36;1mSQL (0.2ms)[0m   [0;1mSET SQL_AUTO_IS_NULL=0[0m


Processing HomeController#show (for 192.168.1.137 at 2010-06-10 19:39:40) [GET]
  Parameters: {"page"=>"venue"}
Rendering template within layouts/main
Rendering home/venue
Completed in 12ms (View: 10, DB: 0) | 200 OK [http://192.168.1.97/venue]
  [4;35;1mSQL (0.2ms)[0m   [0mSET SQL_AUTO_IS_NULL=0[0m


Processing HomeController#show (for 192.168.1.137 at 2010-06-10 19:40:42) [GET]
  Parameters: {"page"=>"venue"}
Rendering template within layouts/main
Rendering home/venue
Completed in 4ms (View: 3, DB: 0) | 200 OK [http://192.168.1.97/venue]
  [4;36;1mSQL (0.2ms)[0m   [0;1mSET SQL_AUTO_IS_NULL=0[0m


Processing HomeController#show (for 192.168.1.137 at 2010-06-10 19:41:45) [GET]
  Parameters: {"page"=>"venue"}
Rendering template within layouts/main
Rendering home/venue
Completed in 9ms (View: 8, DB: 0) | 200 OK [http://192.168.1.97/venue]
  [4;35;1mSQL (0.2ms)[0m   [0mSET SQL_AUTO_IS_NULL=0[0m


Processing HomeController#show (for 192.168.1.137 at 2010-06-10 19:47:05) [GET]
  Parameters: {"page"=>"venue"}
Rendering template within layouts/main
Rendering home/venue
Completed in 9ms (View: 8, DB: 0) | 200 OK [http://192.168.1.97/venue]
  [4;36;1mSQL (0.2ms)[0m   [0;1mSET SQL_AUTO_IS_NULL=0[0m


Processing HomeController#show (for 192.168.1.137 at 2010-06-10 19:47:11) [GET]
  Parameters: {"page"=>"venue"}
Rendering template within layouts/main
Rendering home/venue
Completed in 9ms (View: 7, DB: 0) | 200 OK [http://192.168.1.97/venue]
  [4;35;1mSQL (0.2ms)[0m   [0mSET SQL_AUTO_IS_NULL=0[0m


Processing HomeController#show (for 192.168.1.137 at 2010-06-10 19:47:35) [GET]
  Parameters: {"page"=>"venue"}
Rendering template within layouts/main
Rendering home/venue
Completed in 9ms (View: 7, DB: 0) | 200 OK [http://192.168.1.97/venue]
  [4;36;1mSQL (0.2ms)[0m   [0;1mSET SQL_AUTO_IS_NULL=0[0m


Processing HomeController#show (for 192.168.1.137 at 2010-06-10 19:47:44) [GET]
  Parameters: {"page"=>"venue"}
Rendering template within layouts/main
Rendering home/venue
Completed in 9ms (View: 7, DB: 0) | 200 OK [http://192.168.1.97/venue]
  [4;35;1mSQL (0.2ms)[0m   [0mSET SQL_AUTO_IS_NULL=0[0m


Processing HomeController#show (for 192.168.1.137 at 2010-06-10 19:49:59) [GET]
  Parameters: {"page"=>"venue"}
Rendering template within layouts/main
Rendering home/venue
Completed in 12ms (View: 10, DB: 0) | 200 OK [http://192.168.1.97/venue]
  [4;36;1mSQL (0.2ms)[0m   [0;1mSET SQL_AUTO_IS_NULL=0[0m


Processing HomeController#index (for 192.168.1.137 at 2010-06-10 19:50:35) [GET]
Rendering template within layouts/main
Rendering home/index
Completed in 11ms (View: 9, DB: 0) | 200 OK [http://192.168.1.97/]
  [4;35;1mSQL (0.2ms)[0m   [0mSET SQL_AUTO_IS_NULL=0[0m


Processing HomeController#index (for 192.168.1.137 at 2010-06-10 19:50:54) [GET]
Rendering template within layouts/main
Rendering home/index
Completed in 5ms (View: 3, DB: 0) | 200 OK [http://192.168.1.97/]
  [4;36;1mSQL (0.2ms)[0m   [0;1mSET SQL_AUTO_IS_NULL=0[0m


Processing HomeController#show (for 192.168.1.137 at 2010-06-10 19:50:56) [GET]
  Parameters: {"page"=>"venue"}
Rendering template within layouts/main
Rendering home/venue
Completed in 10ms (View: 8, DB: 0) | 200 OK [http://192.168.1.97/venue]
  [4;35;1mSQL (0.2ms)[0m   [0mSET SQL_AUTO_IS_NULL=0[0m


Processing HomeController#show (for 192.168.1.137 at 2010-06-10 19:52:25) [GET]
  Parameters: {"page"=>"venue"}
Rendering template within layouts/main
Rendering home/venue
Completed in 10ms (View: 8, DB: 0) | 200 OK [http://192.168.1.97/venue]
  [4;36;1mSQL (0.2ms)[0m   [0;1mSET SQL_AUTO_IS_NULL=0[0m


Processing HomeController#show (for 192.168.1.137 at 2010-06-10 19:53:19) [GET]
  Parameters: {"page"=>"venue"}
Rendering template within layouts/main
Rendering home/venue
Completed in 5ms (View: 3, DB: 0) | 200 OK [http://192.168.1.97/venue]
  [4;35;1mSQL (0.2ms)[0m   [0mSET SQL_AUTO_IS_NULL=0[0m


Processing HomeController#show (for 192.168.1.137 at 2010-06-10 19:54:15) [GET]
  Parameters: {"page"=>"venue"}
Rendering template within layouts/main
Rendering home/venue
Completed in 10ms (View: 8, DB: 0) | 200 OK [http://192.168.1.97/venue]
  [4;36;1mSQL (0.2ms)[0m   [0;1mSET SQL_AUTO_IS_NULL=0[0m


Processing HomeController#show (for 192.168.1.137 at 2010-06-10 19:54:57) [GET]
  Parameters: {"page"=>"venue"}
Rendering template within layouts/main
Rendering home/venue
Completed in 10ms (View: 8, DB: 0) | 200 OK [http://192.168.1.97/venue]
  [4;35;1mSQL (0.2ms)[0m   [0mSET SQL_AUTO_IS_NULL=0[0m


Processing HomeController#show (for 192.168.1.137 at 2010-06-10 19:55:09) [GET]
  Parameters: {"page"=>"venue"}
Rendering template within layouts/main
Rendering home/venue
Completed in 5ms (View: 3, DB: 0) | 200 OK [http://192.168.1.97/venue]
  [4;36;1mSQL (0.2ms)[0m   [0;1mSET SQL_AUTO_IS_NULL=0[0m


Processing HomeController#show (for 192.168.1.137 at 2010-06-10 19:55:50) [GET]
  Parameters: {"page"=>"venue"}
Rendering template within layouts/main
Rendering home/venue
Completed in 6ms (View: 4, DB: 0) | 200 OK [http://192.168.1.97/venue]
  [4;36;1mSQL (35.3ms)[0m   [0;1mSET SQL_AUTO_IS_NULL=0[0m


Processing HomeController#index (for 192.168.1.137 at 2010-06-11 15:09:24) [GET]
Rendering template within layouts/main
Rendering home/index
Completed in 174ms (View: 172, DB: 35) | 200 OK [http://192.168.1.97/]
  [4;35;1mSQL (0.2ms)[0m   [0mSET SQL_AUTO_IS_NULL=0[0m


Processing HomeController#show (for 192.168.1.137 at 2010-06-11 15:10:18) [GET]
  Parameters: {"page"=>"about"}
Rendering template within layouts/main
Rendering home/about
Completed in 15ms (View: 12, DB: 0) | 200 OK [http://192.168.1.97/about]
  [4;36;1mSQL (0.2ms)[0m   [0;1mSET SQL_AUTO_IS_NULL=0[0m


Processing HomeController#show (for 192.168.1.137 at 2010-06-11 15:10:20) [GET]
  Parameters: {"page"=>"venue"}
Rendering template within layouts/main
Rendering home/venue
Completed in 28ms (View: 26, DB: 0) | 200 OK [http://192.168.1.97/venue]
  [4;35;1mSQL (0.2ms)[0m   [0mSET SQL_AUTO_IS_NULL=0[0m


Processing HomeController#show (for 192.168.1.137 at 2010-06-11 15:10:23) [GET]
  Parameters: {"page"=>"involved"}

ActionView::MissingTemplate (Missing template home/involved.erb in view path app/views):
  app/controllers/home_controller.rb:7:in `show'

Rendering rescues/layout (internal_server_error)
  [4;36;1mSQL (0.2ms)[0m   [0;1mSET SQL_AUTO_IS_NULL=0[0m


Processing HomeController#show (for 192.168.1.137 at 2010-06-11 15:10:25) [GET]
  Parameters: {"page"=>"venue"}
Rendering template within layouts/main
Rendering home/venue
Completed in 5ms (View: 3, DB: 0) | 200 OK [http://192.168.1.97/venue]
  [4;35;1mSQL (0.2ms)[0m   [0mSET SQL_AUTO_IS_NULL=0[0m


Processing HomeController#show (for 192.168.1.137 at 2010-06-11 15:11:19) [GET]
  Parameters: {"page"=>"programme"}

ActionView::MissingTemplate (Missing template home/programme.erb in view path app/views):
  app/controllers/home_controller.rb:7:in `show'

Rendering rescues/layout (internal_server_error)
  [4;36;1mSQL (0.2ms)[0m   [0;1mSET SQL_AUTO_IS_NULL=0[0m


Processing HomeController#show (for 192.168.1.137 at 2010-06-11 15:11:21) [GET]
  Parameters: {"page"=>"venue"}
Rendering template within layouts/main
Rendering home/venue
Completed in 6ms (View: 4, DB: 0) | 200 OK [http://192.168.1.97/venue]
  [4;35;1mSQL (0.2ms)[0m   [0mSET SQL_AUTO_IS_NULL=0[0m


Processing HomeController#show (for 192.168.1.137 at 2010-06-11 15:11:22) [GET]
  Parameters: {"page"=>"speakers"}

ActionView::MissingTemplate (Missing template home/speakers.erb in view path app/views):
  app/controllers/home_controller.rb:7:in `show'

Rendering rescues/layout (internal_server_error)
  [4;36;1mSQL (0.2ms)[0m   [0;1mSET SQL_AUTO_IS_NULL=0[0m


Processing HomeController#show (for 192.168.1.137 at 2010-06-11 15:11:23) [GET]
  Parameters: {"page"=>"venue"}
Rendering template within layouts/main
Rendering home/venue
Completed in 5ms (View: 3, DB: 0) | 200 OK [http://192.168.1.97/venue]
  [4;35;1mSQL (0.2ms)[0m   [0mSET SQL_AUTO_IS_NULL=0[0m


Processing HomeController#show (for 192.168.1.137 at 2010-06-11 15:19:38) [GET]
  Parameters: {"page"=>"venue"}
Rendering template within layouts/main
Rendering home/venue
Completed in 11ms (View: 9, DB: 0) | 200 OK [http://192.168.1.97/venue]
  [4;36;1mSQL (0.2ms)[0m   [0;1mSET SQL_AUTO_IS_NULL=0[0m


Processing HomeController#show (for 192.168.1.137 at 2010-06-11 15:19:42) [GET]
  Parameters: {"page"=>"venue"}
Rendering template within layouts/main
Rendering home/venue
Completed in 5ms (View: 4, DB: 0) | 200 OK [http://192.168.1.97/venue]
  [4;35;1mSQL (0.2ms)[0m   [0mSET SQL_AUTO_IS_NULL=0[0m


Processing HomeController#show (for 192.168.1.137 at 2010-06-11 15:20:13) [GET]
  Parameters: {"page"=>"venue"}
Rendering template within layouts/main
Rendering home/venue
Completed in 11ms (View: 9, DB: 0) | 200 OK [http://192.168.1.97/venue]
  [4;36;1mSQL (0.2ms)[0m   [0;1mSET SQL_AUTO_IS_NULL=0[0m


Processing HomeController#show (for 192.168.1.137 at 2010-06-11 15:20:31) [GET]
  Parameters: {"page"=>"venue"}
Rendering template within layouts/main
Rendering home/venue
Completed in 11ms (View: 9, DB: 0) | 200 OK [http://192.168.1.97/venue]
  [4;35;1mSQL (0.2ms)[0m   [0mSET SQL_AUTO_IS_NULL=0[0m


Processing HomeController#show (for 192.168.1.137 at 2010-06-11 15:20:47) [GET]
  Parameters: {"page"=>"venue"}
Rendering template within layouts/main
Rendering home/venue
Completed in 6ms (View: 4, DB: 0) | 200 OK [http://192.168.1.97/venue]
  [4;36;1mSQL (0.2ms)[0m   [0;1mSET SQL_AUTO_IS_NULL=0[0m


Processing HomeController#show (for 192.168.1.137 at 2010-06-11 15:23:09) [GET]
  Parameters: {"page"=>"about"}
Rendering template within layouts/main
Rendering home/about
Completed in 10ms (View: 8, DB: 0) | 200 OK [http://192.168.1.97/about]
  [4;35;1mSQL (0.2ms)[0m   [0mSET SQL_AUTO_IS_NULL=0[0m


Processing HomeController#index (for 192.168.1.137 at 2010-06-11 15:23:10) [GET]
Rendering template within layouts/main
Rendering home/index
Completed in 5ms (View: 3, DB: 0) | 200 OK [http://192.168.1.97/]
  [4;36;1mSQL (0.2ms)[0m   [0;1mSET SQL_AUTO_IS_NULL=0[0m
/!\ FAILSAFE /!\  Fri Jun 11 15:24:21 +0200 2010
  Status: 500 Internal Server Error
  /Users/agatamazur/workspace/tedx/app/helpers/application_helper.rb:10: syntax error, unexpected $end, expecting kEND
    /Library/Ruby/Gems/1.8/gems/activesupport-2.3.4/lib/active_support/dependencies.rb:380:in `load_without_new_constant_marking'
    /Library/Ruby/Gems/1.8/gems/activesupport-2.3.4/lib/active_support/dependencies.rb:380:in `load_file'
    /Library/Ruby/Gems/1.8/gems/activesupport-2.3.4/lib/active_support/dependencies.rb:521:in `new_constants_in'
    /Library/Ruby/Gems/1.8/gems/activesupport-2.3.4/lib/active_support/dependencies.rb:379:in `load_file'
    /Library/Ruby/Gems/1.8/gems/activesupport-2.3.4/lib/active_support/dependencies.rb:259:in `require_or_load'
    /Library/Ruby/Gems/1.8/gems/activesupport-2.3.4/lib/active_support/dependencies.rb:224:in `depend_on'
    /Library/Ruby/Gems/1.8/gems/activesupport-2.3.4/lib/active_support/dependencies.rb:136:in `require_dependency'
    /Library/Ruby/Gems/1.8/gems/actionpack-2.3.4/lib/action_controller/helpers.rb:197:in `default_helper_module!'
    /Library/Ruby/Gems/1.8/gems/actionpack-2.3.4/lib/action_controller/helpers.rb:212:in `__send__'
    /Library/Ruby/Gems/1.8/gems/actionpack-2.3.4/lib/action_controller/helpers.rb:212:in `inherited'
    /Users/agatamazur/workspace/tedx/app/controllers/application_controller.rb:4
    /Library/Ruby/Gems/1.8/gems/activesupport-2.3.4/lib/active_support/dependencies.rb:380:in `load_without_new_constant_marking'
    /Library/Ruby/Gems/1.8/gems/activesupport-2.3.4/lib/active_support/dependencies.rb:380:in `load_file'
    /Library/Ruby/Gems/1.8/gems/activesupport-2.3.4/lib/active_support/dependencies.rb:521:in `new_constants_in'
    /Library/Ruby/Gems/1.8/gems/activesupport-2.3.4/lib/active_support/dependencies.rb:379:in `load_file'
    /Library/Ruby/Gems/1.8/gems/activesupport-2.3.4/lib/active_support/dependencies.rb:259:in `require_or_load'
    /Library/Ruby/Gems/1.8/gems/activesupport-2.3.4/lib/active_support/dependencies.rb:425:in `load_missing_constant'
    /Library/Ruby/Gems/1.8/gems/activesupport-2.3.4/lib/active_support/dependencies.rb:80:in `const_missing'
    /Library/Ruby/Gems/1.8/gems/activesupport-2.3.4/lib/active_support/dependencies.rb:92:in `const_missing'
    /Library/Ruby/Gems/1.8/gems/actionpack-2.3.4/lib/action_controller/dispatcher.rb:89:in `dispatch'
    /Library/Ruby/Gems/1.8/gems/actionpack-2.3.4/lib/action_controller/dispatcher.rb:121:in `_call'
    /Library/Ruby/Gems/1.8/gems/actionpack-2.3.4/lib/action_controller/dispatcher.rb:130:in `build_middleware_stack'
    /Library/Ruby/Gems/1.8/gems/activerecord-2.3.4/lib/active_record/query_cache.rb:29:in `call'
    /Library/Ruby/Gems/1.8/gems/activerecord-2.3.4/lib/active_record/query_cache.rb:29:in `call'
    /Library/Ruby/Gems/1.8/gems/activerecord-2.3.4/lib/active_record/connection_adapters/abstract/query_cache.rb:34:in `cache'
    /Library/Ruby/Gems/1.8/gems/activerecord-2.3.4/lib/active_record/query_cache.rb:9:in `cache'
    /Library/Ruby/Gems/1.8/gems/activerecord-2.3.4/lib/active_record/query_cache.rb:28:in `call'
    /Library/Ruby/Gems/1.8/gems/activerecord-2.3.4/lib/active_record/connection_adapters/abstract/connection_pool.rb:361:in `call'
    /Library/Ruby/Gems/1.8/gems/rack-1.0.0/lib/rack/head.rb:9:in `call'
    /Library/Ruby/Gems/1.8/gems/rack-1.0.0/lib/rack/methodoverride.rb:24:in `call'
    /Library/Ruby/Gems/1.8/gems/actionpack-2.3.4/lib/action_controller/params_parser.rb:15:in `call'
    /Library/Ruby/Gems/1.8/gems/actionpack-2.3.4/lib/action_controller/session/cookie_store.rb:93:in `call'
    /Library/Ruby/Gems/1.8/gems/actionpack-2.3.4/lib/action_controller/failsafe.rb:26:in `call'
    /Library/Ruby/Gems/1.8/gems/rack-1.0.0/lib/rack/lock.rb:11:in `call'
    /Library/Ruby/Gems/1.8/gems/rack-1.0.0/lib/rack/lock.rb:11:in `synchronize'
    /Library/Ruby/Gems/1.8/gems/rack-1.0.0/lib/rack/lock.rb:11:in `call'
    /Library/Ruby/Gems/1.8/gems/actionpack-2.3.4/lib/action_controller/dispatcher.rb:114:in `call'
    /Library/Ruby/Gems/1.8/gems/actionpack-2.3.4/lib/action_controller/reloader.rb:34:in `run'
    /Library/Ruby/Gems/1.8/gems/actionpack-2.3.4/lib/action_controller/dispatcher.rb:108:in `call'
    /Library/Ruby/Gems/1.8/gems/rails-2.3.4/lib/rails/rack/static.rb:31:in `call'
    /Library/Ruby/Gems/1.8/gems/rack-1.0.0/lib/rack/urlmap.rb:46:in `call'
    /Library/Ruby/Gems/1.8/gems/rack-1.0.0/lib/rack/urlmap.rb:40:in `each'
    /Library/Ruby/Gems/1.8/gems/rack-1.0.0/lib/rack/urlmap.rb:40:in `call'
    /Library/Ruby/Gems/1.8/gems/rails-2.3.4/lib/rails/rack/log_tailer.rb:17:in `call'
    /Library/Ruby/Gems/1.8/gems/rack-1.0.0/lib/rack/content_length.rb:13:in `call'
    /Library/Ruby/Gems/1.8/gems/rack-1.0.0/lib/rack/chunked.rb:15:in `call'
    /Library/Ruby/Gems/1.8/gems/rack-1.0.0/lib/rack/handler/mongrel.rb:61:in `process'
    /System/Library/Frameworks/Ruby.framework/Versions/1.8/usr/lib/ruby/gems/1.8/gems/mongrel-1.1.4/lib/mongrel.rb:159:in `process_client'
    /System/Library/Frameworks/Ruby.framework/Versions/1.8/usr/lib/ruby/gems/1.8/gems/mongrel-1.1.4/lib/mongrel.rb:158:in `each'
    /System/Library/Frameworks/Ruby.framework/Versions/1.8/usr/lib/ruby/gems/1.8/gems/mongrel-1.1.4/lib/mongrel.rb:158:in `process_client'
    /System/Library/Frameworks/Ruby.framework/Versions/1.8/usr/lib/ruby/gems/1.8/gems/mongrel-1.1.4/lib/mongrel.rb:285:in `run'
    /System/Library/Frameworks/Ruby.framework/Versions/1.8/usr/lib/ruby/gems/1.8/gems/mongrel-1.1.4/lib/mongrel.rb:285:in `initialize'
    /System/Library/Frameworks/Ruby.framework/Versions/1.8/usr/lib/ruby/gems/1.8/gems/mongrel-1.1.4/lib/mongrel.rb:285:in `new'
    /System/Library/Frameworks/Ruby.framework/Versions/1.8/usr/lib/ruby/gems/1.8/gems/mongrel-1.1.4/lib/mongrel.rb:285:in `run'
    /System/Library/Frameworks/Ruby.framework/Versions/1.8/usr/lib/ruby/gems/1.8/gems/mongrel-1.1.4/lib/mongrel.rb:268:in `initialize'
    /System/Library/Frameworks/Ruby.framework/Versions/1.8/usr/lib/ruby/gems/1.8/gems/mongrel-1.1.4/lib/mongrel.rb:268:in `new'
    /System/Library/Frameworks/Ruby.framework/Versions/1.8/usr/lib/ruby/gems/1.8/gems/mongrel-1.1.4/lib/mongrel.rb:268:in `run'
    /Library/Ruby/Gems/1.8/gems/rack-1.0.0/lib/rack/handler/mongrel.rb:34:in `run'
    /Library/Ruby/Gems/1.8/gems/rails-2.3.4/lib/commands/server.rb:111
    /Library/Ruby/Site/1.8/rubygems/custom_require.rb:31:in `gem_original_require'
    /Library/Ruby/Site/1.8/rubygems/custom_require.rb:31:in `require'
    ./script/server:3
  [4;35;1mSQL (0.2ms)[0m   [0mSET SQL_AUTO_IS_NULL=0[0m
/!\ FAILSAFE /!\  Fri Jun 11 15:24:35 +0200 2010
  Status: 500 Internal Server Error
  /Users/agatamazur/workspace/tedx/app/helpers/application_helper.rb:10: syntax error, unexpected $end, expecting kEND
    /Library/Ruby/Gems/1.8/gems/activesupport-2.3.4/lib/active_support/dependencies.rb:380:in `load_without_new_constant_marking'
    /Library/Ruby/Gems/1.8/gems/activesupport-2.3.4/lib/active_support/dependencies.rb:380:in `load_file'
    /Library/Ruby/Gems/1.8/gems/activesupport-2.3.4/lib/active_support/dependencies.rb:521:in `new_constants_in'
    /Library/Ruby/Gems/1.8/gems/activesupport-2.3.4/lib/active_support/dependencies.rb:379:in `load_file'
    /Library/Ruby/Gems/1.8/gems/activesupport-2.3.4/lib/active_support/dependencies.rb:259:in `require_or_load'
    /Library/Ruby/Gems/1.8/gems/activesupport-2.3.4/lib/active_support/dependencies.rb:224:in `depend_on'
    /Library/Ruby/Gems/1.8/gems/activesupport-2.3.4/lib/active_support/dependencies.rb:136:in `require_dependency'
    /Library/Ruby/Gems/1.8/gems/actionpack-2.3.4/lib/action_controller/helpers.rb:197:in `default_helper_module!'
    /Library/Ruby/Gems/1.8/gems/actionpack-2.3.4/lib/action_controller/helpers.rb:212:in `__send__'
    /Library/Ruby/Gems/1.8/gems/actionpack-2.3.4/lib/action_controller/helpers.rb:212:in `inherited'
    /Users/agatamazur/workspace/tedx/app/controllers/application_controller.rb:4
    /Library/Ruby/Gems/1.8/gems/activesupport-2.3.4/lib/active_support/dependencies.rb:380:in `load_without_new_constant_marking'
    /Library/Ruby/Gems/1.8/gems/activesupport-2.3.4/lib/active_support/dependencies.rb:380:in `load_file'
    /Library/Ruby/Gems/1.8/gems/activesupport-2.3.4/lib/active_support/dependencies.rb:521:in `new_constants_in'
    /Library/Ruby/Gems/1.8/gems/activesupport-2.3.4/lib/active_support/dependencies.rb:379:in `load_file'
    /Library/Ruby/Gems/1.8/gems/activesupport-2.3.4/lib/active_support/dependencies.rb:259:in `require_or_load'
    /Library/Ruby/Gems/1.8/gems/activesupport-2.3.4/lib/active_support/dependencies.rb:425:in `load_missing_constant'
    /Library/Ruby/Gems/1.8/gems/activesupport-2.3.4/lib/active_support/dependencies.rb:80:in `const_missing'
    /Library/Ruby/Gems/1.8/gems/activesupport-2.3.4/lib/active_support/dependencies.rb:92:in `const_missing'
    /Library/Ruby/Gems/1.8/gems/actionpack-2.3.4/lib/action_controller/dispatcher.rb:89:in `dispatch'
    /Library/Ruby/Gems/1.8/gems/actionpack-2.3.4/lib/action_controller/dispatcher.rb:121:in `_call'
    /Library/Ruby/Gems/1.8/gems/actionpack-2.3.4/lib/action_controller/dispatcher.rb:130:in `build_middleware_stack'
    /Library/Ruby/Gems/1.8/gems/activerecord-2.3.4/lib/active_record/query_cache.rb:29:in `call'
    /Library/Ruby/Gems/1.8/gems/activerecord-2.3.4/lib/active_record/query_cache.rb:29:in `call'
    /Library/Ruby/Gems/1.8/gems/activerecord-2.3.4/lib/active_record/connection_adapters/abstract/query_cache.rb:34:in `cache'
    /Library/Ruby/Gems/1.8/gems/activerecord-2.3.4/lib/active_record/query_cache.rb:9:in `cache'
    /Library/Ruby/Gems/1.8/gems/activerecord-2.3.4/lib/active_record/query_cache.rb:28:in `call'
    /Library/Ruby/Gems/1.8/gems/activerecord-2.3.4/lib/active_record/connection_adapters/abstract/connection_pool.rb:361:in `call'
    /Library/Ruby/Gems/1.8/gems/rack-1.0.0/lib/rack/head.rb:9:in `call'
    /Library/Ruby/Gems/1.8/gems/rack-1.0.0/lib/rack/methodoverride.rb:24:in `call'
    /Library/Ruby/Gems/1.8/gems/actionpack-2.3.4/lib/action_controller/params_parser.rb:15:in `call'
    /Library/Ruby/Gems/1.8/gems/actionpack-2.3.4/lib/action_controller/session/cookie_store.rb:93:in `call'
    /Library/Ruby/Gems/1.8/gems/actionpack-2.3.4/lib/action_controller/failsafe.rb:26:in `call'
    /Library/Ruby/Gems/1.8/gems/rack-1.0.0/lib/rack/lock.rb:11:in `call'
    /Library/Ruby/Gems/1.8/gems/rack-1.0.0/lib/rack/lock.rb:11:in `synchronize'
    /Library/Ruby/Gems/1.8/gems/rack-1.0.0/lib/rack/lock.rb:11:in `call'
    /Library/Ruby/Gems/1.8/gems/actionpack-2.3.4/lib/action_controller/dispatcher.rb:114:in `call'
    /Library/Ruby/Gems/1.8/gems/actionpack-2.3.4/lib/action_controller/reloader.rb:34:in `run'
    /Library/Ruby/Gems/1.8/gems/actionpack-2.3.4/lib/action_controller/dispatcher.rb:108:in `call'
    /Library/Ruby/Gems/1.8/gems/rails-2.3.4/lib/rails/rack/static.rb:31:in `call'
    /Library/Ruby/Gems/1.8/gems/rack-1.0.0/lib/rack/urlmap.rb:46:in `call'
    /Library/Ruby/Gems/1.8/gems/rack-1.0.0/lib/rack/urlmap.rb:40:in `each'
    /Library/Ruby/Gems/1.8/gems/rack-1.0.0/lib/rack/urlmap.rb:40:in `call'
    /Library/Ruby/Gems/1.8/gems/rails-2.3.4/lib/rails/rack/log_tailer.rb:17:in `call'
    /Library/Ruby/Gems/1.8/gems/rack-1.0.0/lib/rack/content_length.rb:13:in `call'
    /Library/Ruby/Gems/1.8/gems/rack-1.0.0/lib/rack/chunked.rb:15:in `call'
    /Library/Ruby/Gems/1.8/gems/rack-1.0.0/lib/rack/handler/mongrel.rb:61:in `process'
    /System/Library/Frameworks/Ruby.framework/Versions/1.8/usr/lib/ruby/gems/1.8/gems/mongrel-1.1.4/lib/mongrel.rb:159:in `process_client'
    /System/Library/Frameworks/Ruby.framework/Versions/1.8/usr/lib/ruby/gems/1.8/gems/mongrel-1.1.4/lib/mongrel.rb:158:in `each'
    /System/Library/Frameworks/Ruby.framework/Versions/1.8/usr/lib/ruby/gems/1.8/gems/mongrel-1.1.4/lib/mongrel.rb:158:in `process_client'
    /System/Library/Frameworks/Ruby.framework/Versions/1.8/usr/lib/ruby/gems/1.8/gems/mongrel-1.1.4/lib/mongrel.rb:285:in `run'
    /System/Library/Frameworks/Ruby.framework/Versions/1.8/usr/lib/ruby/gems/1.8/gems/mongrel-1.1.4/lib/mongrel.rb:285:in `initialize'
    /System/Library/Frameworks/Ruby.framework/Versions/1.8/usr/lib/ruby/gems/1.8/gems/mongrel-1.1.4/lib/mongrel.rb:285:in `new'
    /System/Library/Frameworks/Ruby.framework/Versions/1.8/usr/lib/ruby/gems/1.8/gems/mongrel-1.1.4/lib/mongrel.rb:285:in `run'
    /System/Library/Frameworks/Ruby.framework/Versions/1.8/usr/lib/ruby/gems/1.8/gems/mongrel-1.1.4/lib/mongrel.rb:268:in `initialize'
    /System/Library/Frameworks/Ruby.framework/Versions/1.8/usr/lib/ruby/gems/1.8/gems/mongrel-1.1.4/lib/mongrel.rb:268:in `new'
    /System/Library/Frameworks/Ruby.framework/Versions/1.8/usr/lib/ruby/gems/1.8/gems/mongrel-1.1.4/lib/mongrel.rb:268:in `run'
    /Library/Ruby/Gems/1.8/gems/rack-1.0.0/lib/rack/handler/mongrel.rb:34:in `run'
    /Library/Ruby/Gems/1.8/gems/rails-2.3.4/lib/commands/server.rb:111
    /Library/Ruby/Site/1.8/rubygems/custom_require.rb:31:in `gem_original_require'
    /Library/Ruby/Site/1.8/rubygems/custom_require.rb:31:in `require'
    ./script/server:3
  [4;36;1mSQL (0.2ms)[0m   [0;1mSET SQL_AUTO_IS_NULL=0[0m
/!\ FAILSAFE /!\  Fri Jun 11 15:24:50 +0200 2010
  Status: 500 Internal Server Error
  /Users/agatamazur/workspace/tedx/app/helpers/application_helper.rb:10: syntax error, unexpected $end, expecting kEND
    /Library/Ruby/Gems/1.8/gems/activesupport-2.3.4/lib/active_support/dependencies.rb:380:in `load_without_new_constant_marking'
    /Library/Ruby/Gems/1.8/gems/activesupport-2.3.4/lib/active_support/dependencies.rb:380:in `load_file'
    /Library/Ruby/Gems/1.8/gems/activesupport-2.3.4/lib/active_support/dependencies.rb:521:in `new_constants_in'
    /Library/Ruby/Gems/1.8/gems/activesupport-2.3.4/lib/active_support/dependencies.rb:379:in `load_file'
    /Library/Ruby/Gems/1.8/gems/activesupport-2.3.4/lib/active_support/dependencies.rb:259:in `require_or_load'
    /Library/Ruby/Gems/1.8/gems/activesupport-2.3.4/lib/active_support/dependencies.rb:224:in `depend_on'
    /Library/Ruby/Gems/1.8/gems/activesupport-2.3.4/lib/active_support/dependencies.rb:136:in `require_dependency'
    /Library/Ruby/Gems/1.8/gems/actionpack-2.3.4/lib/action_controller/helpers.rb:197:in `default_helper_module!'
    /Library/Ruby/Gems/1.8/gems/actionpack-2.3.4/lib/action_controller/helpers.rb:212:in `__send__'
    /Library/Ruby/Gems/1.8/gems/actionpack-2.3.4/lib/action_controller/helpers.rb:212:in `inherited'
    /Users/agatamazur/workspace/tedx/app/controllers/application_controller.rb:4
    /Library/Ruby/Gems/1.8/gems/activesupport-2.3.4/lib/active_support/dependencies.rb:380:in `load_without_new_constant_marking'
    /Library/Ruby/Gems/1.8/gems/activesupport-2.3.4/lib/active_support/dependencies.rb:380:in `load_file'
    /Library/Ruby/Gems/1.8/gems/activesupport-2.3.4/lib/active_support/dependencies.rb:521:in `new_constants_in'
    /Library/Ruby/Gems/1.8/gems/activesupport-2.3.4/lib/active_support/dependencies.rb:379:in `load_file'
    /Library/Ruby/Gems/1.8/gems/activesupport-2.3.4/lib/active_support/dependencies.rb:259:in `require_or_load'
    /Library/Ruby/Gems/1.8/gems/activesupport-2.3.4/lib/active_support/dependencies.rb:425:in `load_missing_constant'
    /Library/Ruby/Gems/1.8/gems/activesupport-2.3.4/lib/active_support/dependencies.rb:80:in `const_missing'
    /Library/Ruby/Gems/1.8/gems/activesupport-2.3.4/lib/active_support/dependencies.rb:92:in `const_missing'
    /Library/Ruby/Gems/1.8/gems/actionpack-2.3.4/lib/action_controller/dispatcher.rb:89:in `dispatch'
    /Library/Ruby/Gems/1.8/gems/actionpack-2.3.4/lib/action_controller/dispatcher.rb:121:in `_call'
    /Library/Ruby/Gems/1.8/gems/actionpack-2.3.4/lib/action_controller/dispatcher.rb:130:in `build_middleware_stack'
    /Library/Ruby/Gems/1.8/gems/activerecord-2.3.4/lib/active_record/query_cache.rb:29:in `call'
    /Library/Ruby/Gems/1.8/gems/activerecord-2.3.4/lib/active_record/query_cache.rb:29:in `call'
    /Library/Ruby/Gems/1.8/gems/activerecord-2.3.4/lib/active_record/connection_adapters/abstract/query_cache.rb:34:in `cache'
    /Library/Ruby/Gems/1.8/gems/activerecord-2.3.4/lib/active_record/query_cache.rb:9:in `cache'
    /Library/Ruby/Gems/1.8/gems/activerecord-2.3.4/lib/active_record/query_cache.rb:28:in `call'
    /Library/Ruby/Gems/1.8/gems/activerecord-2.3.4/lib/active_record/connection_adapters/abstract/connection_pool.rb:361:in `call'
    /Library/Ruby/Gems/1.8/gems/rack-1.0.0/lib/rack/head.rb:9:in `call'
    /Library/Ruby/Gems/1.8/gems/rack-1.0.0/lib/rack/methodoverride.rb:24:in `call'
    /Library/Ruby/Gems/1.8/gems/actionpack-2.3.4/lib/action_controller/params_parser.rb:15:in `call'
    /Library/Ruby/Gems/1.8/gems/actionpack-2.3.4/lib/action_controller/session/cookie_store.rb:93:in `call'
    /Library/Ruby/Gems/1.8/gems/actionpack-2.3.4/lib/action_controller/failsafe.rb:26:in `call'
    /Library/Ruby/Gems/1.8/gems/rack-1.0.0/lib/rack/lock.rb:11:in `call'
    /Library/Ruby/Gems/1.8/gems/rack-1.0.0/lib/rack/lock.rb:11:in `synchronize'
    /Library/Ruby/Gems/1.8/gems/rack-1.0.0/lib/rack/lock.rb:11:in `call'
    /Library/Ruby/Gems/1.8/gems/actionpack-2.3.4/lib/action_controller/dispatcher.rb:114:in `call'
    /Library/Ruby/Gems/1.8/gems/actionpack-2.3.4/lib/action_controller/reloader.rb:34:in `run'
    /Library/Ruby/Gems/1.8/gems/actionpack-2.3.4/lib/action_controller/dispatcher.rb:108:in `call'
    /Library/Ruby/Gems/1.8/gems/rails-2.3.4/lib/rails/rack/static.rb:31:in `call'
    /Library/Ruby/Gems/1.8/gems/rack-1.0.0/lib/rack/urlmap.rb:46:in `call'
    /Library/Ruby/Gems/1.8/gems/rack-1.0.0/lib/rack/urlmap.rb:40:in `each'
    /Library/Ruby/Gems/1.8/gems/rack-1.0.0/lib/rack/urlmap.rb:40:in `call'
    /Library/Ruby/Gems/1.8/gems/rails-2.3.4/lib/rails/rack/log_tailer.rb:17:in `call'
    /Library/Ruby/Gems/1.8/gems/rack-1.0.0/lib/rack/content_length.rb:13:in `call'
    /Library/Ruby/Gems/1.8/gems/rack-1.0.0/lib/rack/chunked.rb:15:in `call'
    /Library/Ruby/Gems/1.8/gems/rack-1.0.0/lib/rack/handler/mongrel.rb:61:in `process'
    /System/Library/Frameworks/Ruby.framework/Versions/1.8/usr/lib/ruby/gems/1.8/gems/mongrel-1.1.4/lib/mongrel.rb:159:in `process_client'
    /System/Library/Frameworks/Ruby.framework/Versions/1.8/usr/lib/ruby/gems/1.8/gems/mongrel-1.1.4/lib/mongrel.rb:158:in `each'
    /System/Library/Frameworks/Ruby.framework/Versions/1.8/usr/lib/ruby/gems/1.8/gems/mongrel-1.1.4/lib/mongrel.rb:158:in `process_client'
    /System/Library/Frameworks/Ruby.framework/Versions/1.8/usr/lib/ruby/gems/1.8/gems/mongrel-1.1.4/lib/mongrel.rb:285:in `run'
    /System/Library/Frameworks/Ruby.framework/Versions/1.8/usr/lib/ruby/gems/1.8/gems/mongrel-1.1.4/lib/mongrel.rb:285:in `initialize'
    /System/Library/Frameworks/Ruby.framework/Versions/1.8/usr/lib/ruby/gems/1.8/gems/mongrel-1.1.4/lib/mongrel.rb:285:in `new'
    /System/Library/Frameworks/Ruby.framework/Versions/1.8/usr/lib/ruby/gems/1.8/gems/mongrel-1.1.4/lib/mongrel.rb:285:in `run'
    /System/Library/Frameworks/Ruby.framework/Versions/1.8/usr/lib/ruby/gems/1.8/gems/mongrel-1.1.4/lib/mongrel.rb:268:in `initialize'
    /System/Library/Frameworks/Ruby.framework/Versions/1.8/usr/lib/ruby/gems/1.8/gems/mongrel-1.1.4/lib/mongrel.rb:268:in `new'
    /System/Library/Frameworks/Ruby.framework/Versions/1.8/usr/lib/ruby/gems/1.8/gems/mongrel-1.1.4/lib/mongrel.rb:268:in `run'
    /Library/Ruby/Gems/1.8/gems/rack-1.0.0/lib/rack/handler/mongrel.rb:34:in `run'
    /Library/Ruby/Gems/1.8/gems/rails-2.3.4/lib/commands/server.rb:111
    /Library/Ruby/Site/1.8/rubygems/custom_require.rb:31:in `gem_original_require'
    /Library/Ruby/Site/1.8/rubygems/custom_require.rb:31:in `require'
    ./script/server:3
  [4;35;1mSQL (0.2ms)[0m   [0mSET SQL_AUTO_IS_NULL=0[0m


Processing HomeController#index (for 192.168.1.137 at 2010-06-11 15:25:15) [GET]
Rendering template within layouts/main
Rendering home/index
Completed in 5ms (View: 3, DB: 0) | 200 OK [http://192.168.1.97/]
  [4;36;1mSQL (0.2ms)[0m   [0;1mSET SQL_AUTO_IS_NULL=0[0m


Processing HomeController#show (for 192.168.1.137 at 2010-06-11 15:25:17) [GET]
  Parameters: {"page"=>"about"}
Rendering template within layouts/main
Rendering home/about
Completed in 5ms (View: 3, DB: 0) | 200 OK [http://192.168.1.97/about]
  [4;35;1mSQL (0.2ms)[0m   [0mSET SQL_AUTO_IS_NULL=0[0m


Processing HomeController#show (for 192.168.1.137 at 2010-06-11 15:25:19) [GET]
  Parameters: {"page"=>"programme"}

ActionView::MissingTemplate (Missing template home/programme.erb in view path app/views):
  app/controllers/home_controller.rb:7:in `show'

Rendering rescues/layout (internal_server_error)
  [4;36;1mSQL (0.2ms)[0m   [0;1mSET SQL_AUTO_IS_NULL=0[0m


Processing HomeController#show (for 192.168.1.137 at 2010-06-11 15:25:20) [GET]
  Parameters: {"page"=>"about"}
Rendering template within layouts/main
Rendering home/about
Completed in 5ms (View: 3, DB: 0) | 200 OK [http://192.168.1.97/about]
  [4;35;1mSQL (0.2ms)[0m   [0mSET SQL_AUTO_IS_NULL=0[0m


Processing HomeController#show (for 192.168.1.137 at 2010-06-11 15:25:22) [GET]
  Parameters: {"page"=>"speakers"}

ActionView::MissingTemplate (Missing template home/speakers.erb in view path app/views):
  app/controllers/home_controller.rb:7:in `show'

Rendering rescues/layout (internal_server_error)
  [4;36;1mSQL (0.2ms)[0m   [0;1mSET SQL_AUTO_IS_NULL=0[0m


Processing HomeController#show (for 192.168.1.137 at 2010-06-11 15:25:23) [GET]
  Parameters: {"page"=>"about"}
Rendering template within layouts/main
Rendering home/about
Completed in 5ms (View: 3, DB: 0) | 200 OK [http://192.168.1.97/about]
  [4;35;1mSQL (0.2ms)[0m   [0mSET SQL_AUTO_IS_NULL=0[0m


Processing HomeController#show (for 192.168.1.137 at 2010-06-11 15:25:24) [GET]
  Parameters: {"page"=>"venue"}
Rendering template within layouts/main
Rendering home/venue
Completed in 5ms (View: 3, DB: 0) | 200 OK [http://192.168.1.97/venue]
